{"/Users/zhangzihao/zzh/workspace/myGit/vue3-json-schema-form/lib/SchemaForm.tsx": {"path":"/Users/zhangzihao/zzh/workspace/myGit/vue3-json-schema-form/lib/SchemaForm.tsx","statementMap":{"0":{"start":{"line":1,"column":0},"end":{"line":1,"column":null}},"1":{"start":{"line":3,"column":0},"end":{"line":3,"column":null}},"2":{"start":{"line":4,"column":0},"end":{"line":4,"column":null}},"3":{"start":{"line":6,"column":15},"end":{"line":6,"column":31}},"4":{"start":{"line":22,"column":26},"end":{"line":24,"column":null}},"5":{"start":{"line":23,"column":6},"end":{"line":23,"column":11}},"6":{"start":{"line":25,"column":20},"end":{"line":25,"column":null}},"7":{"start":{"line":28,"column":4},"end":{"line":28,"column":12}},"8":{"start":{"line":30,"column":4},"end":{"line":30,"column":11}},"9":{"start":{"line":31,"column":6},"end":{"line":31,"column":null}}},"fnMap":{"0":{"name":"(anonymous_0)","decl":{"start":{"line":21,"column":2},"end":{"line":21,"column":7}},"loc":{"start":{"line":21,"column":13},"end":{"line":40,"column":null}}},"1":{"name":"(anonymous_1)","decl":{"start":{"line":22,"column":26},"end":{"line":22,"column":36}},"loc":{"start":{"line":22,"column":36},"end":{"line":24,"column":null}}},"2":{"name":"(anonymous_2)","decl":{"start":{"line":30,"column":11},"end":{"line":30,"column":16}},"loc":{"start":{"line":30,"column":16},"end":{"line":39,"column":null}}}},"branchMap":{},"s":{"0":2,"1":2,"2":2,"3":2,"4":3,"5":5,"6":3,"7":3,"8":3,"9":3},"f":{"0":3,"1":5,"2":3},"b":{}}
,"/Users/zhangzihao/zzh/workspace/myGit/vue3-json-schema-form/lib/SchemaItem.tsx": {"path":"/Users/zhangzihao/zzh/workspace/myGit/vue3-json-schema-form/lib/SchemaItem.tsx","statementMap":{"0":{"start":{"line":1,"column":0},"end":{"line":1,"column":null}},"1":{"start":{"line":2,"column":0},"end":{"line":2,"column":null}},"2":{"start":{"line":3,"column":0},"end":{"line":3,"column":null}},"3":{"start":{"line":4,"column":0},"end":{"line":4,"column":null}},"4":{"start":{"line":6,"column":0},"end":{"line":6,"column":null}},"5":{"start":{"line":7,"column":0},"end":{"line":7,"column":null}},"6":{"start":{"line":8,"column":0},"end":{"line":8,"column":null}},"7":{"start":{"line":10,"column":15},"end":{"line":10,"column":31}},"8":{"start":{"line":14,"column":31},"end":{"line":14,"column":40}},"9":{"start":{"line":15,"column":6},"end":{"line":15,"column":21}},"10":{"start":{"line":17,"column":4},"end":{"line":17,"column":11}},"11":{"start":{"line":20,"column":23},"end":{"line":20,"column":null}},"12":{"start":{"line":22,"column":6},"end":{"line":22,"column":14}},"13":{"start":{"line":24,"column":10},"end":{"line":24,"column":19}},"14":{"start":{"line":25,"column":10},"end":{"line":25,"column":null}},"15":{"start":{"line":27,"column":10},"end":{"line":27,"column":19}},"16":{"start":{"line":28,"column":10},"end":{"line":28,"column":null}},"17":{"start":{"line":30,"column":10},"end":{"line":30,"column":19}},"18":{"start":{"line":31,"column":10},"end":{"line":31,"column":null}},"19":{"start":{"line":33,"column":10},"end":{"line":33,"column":19}},"20":{"start":{"line":34,"column":10},"end":{"line":34,"column":null}},"21":{"start":{"line":36,"column":10},"end":{"line":36,"column":19}},"22":{"start":{"line":37,"column":10},"end":{"line":37,"column":17}},"23":{"start":{"line":39,"column":6},"end":{"line":39,"column":28}}},"fnMap":{"0":{"name":"(anonymous_0)","decl":{"start":{"line":13,"column":2},"end":{"line":13,"column":7}},"loc":{"start":{"line":13,"column":13},"end":{"line":41,"column":null}}},"1":{"name":"(anonymous_1)","decl":{"start":{"line":14,"column":40},"end":{"line":14,"column":null}},"loc":{"start":{"line":15,"column":6},"end":{"line":15,"column":21}}},"2":{"name":"(anonymous_2)","decl":{"start":{"line":17,"column":11},"end":{"line":17,"column":16}},"loc":{"start":{"line":17,"column":16},"end":{"line":40,"column":null}}}},"branchMap":{"0":{"loc":{"start":{"line":23,"column":8},"end":{"line":25,"column":null}},"type":"switch","locations":[{"start":{"line":23,"column":8},"end":{"line":25,"column":null}},{"start":{"line":26,"column":8},"end":{"line":28,"column":null}},{"start":{"line":29,"column":8},"end":{"line":31,"column":null}},{"start":{"line":32,"column":8},"end":{"line":34,"column":null}},{"start":{"line":35,"column":8},"end":{"line":37,"column":17}}]}},"s":{"0":2,"1":2,"2":2,"3":2,"4":2,"5":2,"6":2,"7":2,"8":7,"9":10,"10":7,"11":13,"12":13,"13":5,"14":5,"15":6,"16":6,"17":2,"18":2,"19":0,"20":0,"21":0,"22":0,"23":13},"f":{"0":7,"1":10,"2":13},"b":{"0":[5,6,2,0,0]}}
,"/Users/zhangzihao/zzh/workspace/myGit/vue3-json-schema-form/lib/context.ts": {"path":"/Users/zhangzihao/zzh/workspace/myGit/vue3-json-schema-form/lib/context.ts","statementMap":{"0":{"start":{"line":1,"column":36},"end":{"line":1,"column":43}}},"fnMap":{},"branchMap":{},"s":{"0":2},"f":{},"b":{}}
,"/Users/zhangzihao/zzh/workspace/myGit/vue3-json-schema-form/lib/index.tsx": {"path":"/Users/zhangzihao/zzh/workspace/myGit/vue3-json-schema-form/lib/index.tsx","statementMap":{"0":{"start":{"line":1,"column":0},"end":{"line":1,"column":null}},"1":{"start":{"line":3,"column":0},"end":{"line":3,"column":null}},"2":{"start":{"line":4,"column":0},"end":{"line":4,"column":null}},"3":{"start":{"line":6,"column":15},"end":{"line":6,"column":null}}},"fnMap":{},"branchMap":{},"s":{"0":2,"1":2,"2":2,"3":2},"f":{},"b":{}}
,"/Users/zhangzihao/zzh/workspace/myGit/vue3-json-schema-form/lib/types.ts": {"path":"/Users/zhangzihao/zzh/workspace/myGit/vue3-json-schema-form/lib/types.ts","statementMap":{"0":{"start":{"line":3,"column":0},"end":{"line":3,"column":12}},"1":{"start":{"line":4,"column":2},"end":{"line":4,"column":null}},"2":{"start":{"line":5,"column":2},"end":{"line":5,"column":null}},"3":{"start":{"line":6,"column":2},"end":{"line":6,"column":null}},"4":{"start":{"line":7,"column":2},"end":{"line":7,"column":null}},"5":{"start":{"line":8,"column":2},"end":{"line":8,"column":null}},"6":{"start":{"line":9,"column":2},"end":{"line":9,"column":null}},"7":{"start":{"line":51,"column":32},"end":{"line":51,"column":null}}},"fnMap":{"0":{"name":"(anonymous_0)","decl":{"start":{"line":3,"column":0},"end":{"line":3,"column":12}},"loc":{"start":{"line":3,"column":23},"end":{"line":10,"column":null}}}},"branchMap":{"0":{"loc":{"start":{"line":3,"column":12},"end":{"line":3,"column":23}},"type":"binary-expr","locations":[{"start":{"line":3,"column":12},"end":{"line":3,"column":23}},{"start":{"line":3,"column":23},"end":{"line":3,"column":null}}]}},"s":{"0":2,"1":2,"2":2,"3":2,"4":2,"5":2,"6":2,"7":2},"f":{"0":2},"b":{"0":[2,2]}}
,"/Users/zhangzihao/zzh/workspace/myGit/vue3-json-schema-form/lib/utils.ts": {"path":"/Users/zhangzihao/zzh/workspace/myGit/vue3-json-schema-form/lib/utils.ts","statementMap":{"0":{"start":{"line":5,"column":0},"end":{"line":5,"column":null}},"1":{"start":{"line":7,"column":0},"end":{"line":7,"column":null}},"2":{"start":{"line":8,"column":0},"end":{"line":8,"column":null}},"3":{"start":{"line":9,"column":0},"end":{"line":9,"column":null}},"4":{"start":{"line":12,"column":2},"end":{"line":12,"column":9}},"5":{"start":{"line":16,"column":2},"end":{"line":16,"column":9}},"6":{"start":{"line":24,"column":2},"end":{"line":24,"column":9}},"7":{"start":{"line":31,"column":24},"end":{"line":31,"column":28}},"8":{"start":{"line":33,"column":16},"end":{"line":33,"column":31}},"9":{"start":{"line":34,"column":2},"end":{"line":34,"column":9}},"10":{"start":{"line":42,"column":2},"end":{"line":57,"column":null}},"11":{"start":{"line":43,"column":4},"end":{"line":43,"column":11}},"12":{"start":{"line":44,"column":9},"end":{"line":57,"column":null}},"13":{"start":{"line":45,"column":27},"end":{"line":45,"column":47}},"14":{"start":{"line":46,"column":4},"end":{"line":46,"column":11}},"15":{"start":{"line":47,"column":9},"end":{"line":57,"column":null}},"16":{"start":{"line":48,"column":4},"end":{"line":48,"column":11}},"17":{"start":{"line":51,"column":8},"end":{"line":51,"column":23}},"18":{"start":{"line":56,"column":4},"end":{"line":56,"column":11}},"19":{"start":{"line":65,"column":2},"end":{"line":67,"column":null}},"20":{"start":{"line":66,"column":4},"end":{"line":66,"column":11}},"21":{"start":{"line":68,"column":23},"end":{"line":68,"column":37}},"22":{"start":{"line":71,"column":2},"end":{"line":83,"column":null}},"23":{"start":{"line":72,"column":4},"end":{"line":82,"column":null}},"24":{"start":{"line":73,"column":6},"end":{"line":73,"column":20}},"25":{"start":{"line":79,"column":6},"end":{"line":79,"column":13}},"26":{"start":{"line":80,"column":55},"end":{"line":80,"column":null}},"27":{"start":{"line":81,"column":6},"end":{"line":81,"column":13}},"28":{"start":{"line":85,"column":4},"end":{"line":86,"column":null}},"29":{"start":{"line":87,"column":2},"end":{"line":94,"column":null}},"30":{"start":{"line":89,"column":4},"end":{"line":89,"column":11}},"31":{"start":{"line":95,"column":2},"end":{"line":95,"column":9}},"32":{"start":{"line":98,"column":40},"end":{"line":98,"column":null}},"33":{"start":{"line":106,"column":2},"end":{"line":106,"column":8}},"34":{"start":{"line":111,"column":2},"end":{"line":111,"column":8}},"35":{"start":{"line":112,"column":4},"end":{"line":115,"column":null}},"36":{"start":{"line":114,"column":6},"end":{"line":114,"column":null}},"37":{"start":{"line":118,"column":4},"end":{"line":128,"column":null}},"38":{"start":{"line":119,"column":6},"end":{"line":119,"column":26}},"39":{"start":{"line":124,"column":11},"end":{"line":128,"column":null}},"40":{"start":{"line":125,"column":6},"end":{"line":125,"column":26}},"41":{"start":{"line":127,"column":6},"end":{"line":127,"column":26}},"42":{"start":{"line":131,"column":5},"end":{"line":131,"column":19}},"43":{"start":{"line":133,"column":5},"end":{"line":133,"column":19}},"44":{"start":{"line":136,"column":2},"end":{"line":136,"column":9}},"45":{"start":{"line":154,"column":21},"end":{"line":154,"column":42}},"46":{"start":{"line":156,"column":35},"end":{"line":156,"column":null}},"47":{"start":{"line":158,"column":2},"end":{"line":158,"column":9}},"48":{"start":{"line":166,"column":18},"end":{"line":166,"column":null}},"49":{"start":{"line":167,"column":2},"end":{"line":172,"column":null}},"50":{"start":{"line":169,"column":4},"end":{"line":169,"column":8}},"51":{"start":{"line":171,"column":4},"end":{"line":171,"column":10}},"52":{"start":{"line":173,"column":18},"end":{"line":173,"column":30}},"53":{"start":{"line":174,"column":2},"end":{"line":176,"column":null}},"54":{"start":{"line":175,"column":4},"end":{"line":175,"column":10}},"55":{"start":{"line":177,"column":2},"end":{"line":180,"column":null}},"56":{"start":{"line":179,"column":4},"end":{"line":179,"column":11}},"57":{"start":{"line":181,"column":2},"end":{"line":181,"column":9}},"58":{"start":{"line":190,"column":49},"end":{"line":190,"column":57}},"59":{"start":{"line":191,"column":2},"end":{"line":201,"column":null}},"60":{"start":{"line":192,"column":4},"end":{"line":192,"column":18}},"61":{"start":{"line":196,"column":9},"end":{"line":201,"column":null}},"62":{"start":{"line":197,"column":4},"end":{"line":197,"column":18}},"63":{"start":{"line":202,"column":2},"end":{"line":202,"column":9}},"64":{"start":{"line":216,"column":2},"end":{"line":249,"column":null}},"65":{"start":{"line":218,"column":4},"end":{"line":220,"column":null}},"66":{"start":{"line":219,"column":6},"end":{"line":219,"column":null}},"67":{"start":{"line":222,"column":4},"end":{"line":227,"column":null}},"68":{"start":{"line":226,"column":6},"end":{"line":226,"column":null}},"69":{"start":{"line":231,"column":8},"end":{"line":231,"column":null}},"70":{"start":{"line":232,"column":4},"end":{"line":242,"column":null}},"71":{"start":{"line":233,"column":6},"end":{"line":233,"column":20}},"72":{"start":{"line":234,"column":11},"end":{"line":242,"column":null}},"73":{"start":{"line":235,"column":6},"end":{"line":235,"column":20}},"74":{"start":{"line":243,"column":4},"end":{"line":243,"column":11}},"75":{"start":{"line":250,"column":2},"end":{"line":250,"column":9}},"76":{"start":{"line":254,"column":2},"end":{"line":256,"column":null}},"77":{"start":{"line":255,"column":4},"end":{"line":255,"column":11}},"78":{"start":{"line":257,"column":19},"end":{"line":259,"column":null}},"79":{"start":{"line":260,"column":2},"end":{"line":260,"column":9}},"80":{"start":{"line":271,"column":40},"end":{"line":271,"column":null}},"81":{"start":{"line":276,"column":2},"end":{"line":276,"column":8}},"82":{"start":{"line":278,"column":2},"end":{"line":282,"column":null}},"83":{"start":{"line":279,"column":4},"end":{"line":279,"column":11}},"84":{"start":{"line":280,"column":9},"end":{"line":282,"column":null}},"85":{"start":{"line":281,"column":4},"end":{"line":281,"column":10}},"86":{"start":{"line":284,"column":24},"end":{"line":284,"column":29}},"87":{"start":{"line":285,"column":4},"end":{"line":287,"column":null}},"88":{"start":{"line":289,"column":2},"end":{"line":289,"column":9}},"89":{"start":{"line":305,"column":26},"end":{"line":305,"column":31}},"90":{"start":{"line":306,"column":4},"end":{"line":308,"column":null}},"91":{"start":{"line":307,"column":6},"end":{"line":307,"column":13}},"92":{"start":{"line":309,"column":57},"end":{"line":309,"column":null}},"93":{"start":{"line":310,"column":4},"end":{"line":320,"column":null}},"94":{"start":{"line":311,"column":30},"end":{"line":311,"column":null}},"95":{"start":{"line":318,"column":25},"end":{"line":318,"column":38}},"96":{"start":{"line":319,"column":6},"end":{"line":319,"column":13}},"97":{"start":{"line":322,"column":2},"end":{"line":327,"column":null}},"98":{"start":{"line":323,"column":4},"end":{"line":323,"column":11}},"99":{"start":{"line":326,"column":4},"end":{"line":326,"column":11}},"100":{"start":{"line":329,"column":20},"end":{"line":329,"column":36}},"101":{"start":{"line":333,"column":6},"end":{"line":333,"column":null}},"102":{"start":{"line":334,"column":26},"end":{"line":334,"column":28}},"103":{"start":{"line":335,"column":2},"end":{"line":335,"column":9}},"104":{"start":{"line":348,"column":14},"end":{"line":348,"column":20}},"105":{"start":{"line":349,"column":2},"end":{"line":349,"column":9}},"106":{"start":{"line":350,"column":17},"end":{"line":350,"column":null}},"107":{"start":{"line":351,"column":14},"end":{"line":351,"column":19}},"108":{"start":{"line":352,"column":4},"end":{"line":367,"column":null}},"109":{"start":{"line":353,"column":6},"end":{"line":353,"column":9}},"110":{"start":{"line":354,"column":11},"end":{"line":367,"column":null}},"111":{"start":{"line":364,"column":6},"end":{"line":364,"column":9}},"112":{"start":{"line":366,"column":6},"end":{"line":366,"column":9}},"113":{"start":{"line":368,"column":4},"end":{"line":368,"column":11}},"114":{"start":{"line":382,"column":19},"end":{"line":382,"column":null}},"115":{"start":{"line":384,"column":2},"end":{"line":386,"column":null}},"116":{"start":{"line":385,"column":4},"end":{"line":385,"column":11}},"117":{"start":{"line":388,"column":2},"end":{"line":390,"column":null}},"118":{"start":{"line":389,"column":4},"end":{"line":389,"column":11}},"119":{"start":{"line":392,"column":2},"end":{"line":394,"column":null}},"120":{"start":{"line":393,"column":4},"end":{"line":393,"column":11}},"121":{"start":{"line":396,"column":17},"end":{"line":396,"column":null}},"122":{"start":{"line":397,"column":2},"end":{"line":399,"column":null}},"123":{"start":{"line":398,"column":4},"end":{"line":398,"column":11}},"124":{"start":{"line":398,"column":28},"end":{"line":398,"column":null}},"125":{"start":{"line":401,"column":2},"end":{"line":401,"column":9}},"126":{"start":{"line":430,"column":25},"end":{"line":446,"column":null}},"127":{"start":{"line":431,"column":2},"end":{"line":443,"column":null}},"128":{"start":{"line":432,"column":4},"end":{"line":432,"column":11}},"129":{"start":{"line":433,"column":9},"end":{"line":443,"column":null}},"130":{"start":{"line":434,"column":4},"end":{"line":434,"column":11}},"131":{"start":{"line":435,"column":9},"end":{"line":443,"column":null}},"132":{"start":{"line":436,"column":4},"end":{"line":436,"column":11}},"133":{"start":{"line":437,"column":9},"end":{"line":443,"column":null}},"134":{"start":{"line":438,"column":4},"end":{"line":438,"column":11}},"135":{"start":{"line":439,"column":9},"end":{"line":443,"column":null}},"136":{"start":{"line":440,"column":4},"end":{"line":440,"column":11}},"137":{"start":{"line":441,"column":9},"end":{"line":443,"column":null}},"138":{"start":{"line":442,"column":4},"end":{"line":442,"column":11}},"139":{"start":{"line":445,"column":2},"end":{"line":445,"column":9}},"140":{"start":{"line":449,"column":2},"end":{"line":449,"column":null}},"141":{"start":{"line":456,"column":17},"end":{"line":456,"column":32}},"142":{"start":{"line":457,"column":21},"end":{"line":457,"column":null}},"143":{"start":{"line":458,"column":2},"end":{"line":462,"column":null}},"144":{"start":{"line":459,"column":4},"end":{"line":459,"column":11}},"145":{"start":{"line":460,"column":9},"end":{"line":462,"column":null}},"146":{"start":{"line":461,"column":4},"end":{"line":461,"column":11}},"147":{"start":{"line":461,"column":44},"end":{"line":461,"column":55}},"148":{"start":{"line":463,"column":2},"end":{"line":463,"column":9}},"149":{"start":{"line":467,"column":2},"end":{"line":469,"column":null}},"150":{"start":{"line":468,"column":4},"end":{"line":468,"column":11}},"151":{"start":{"line":470,"column":2},"end":{"line":470,"column":9}},"152":{"start":{"line":479,"column":2},"end":{"line":529,"column":null}},"153":{"start":{"line":479,"column":15},"end":{"line":479,"column":18}},"154":{"start":{"line":480,"column":19},"end":{"line":480,"column":27}},"155":{"start":{"line":489,"column":4},"end":{"line":528,"column":null}},"156":{"start":{"line":492,"column":28},"end":{"line":492,"column":null}},"157":{"start":{"line":493,"column":60},"end":{"line":493,"column":null}},"158":{"start":{"line":501,"column":6},"end":{"line":517,"column":null}},"159":{"start":{"line":503,"column":36},"end":{"line":503,"column":null}},"160":{"start":{"line":505,"column":8},"end":{"line":510,"column":null}},"161":{"start":{"line":506,"column":10},"end":{"line":506,"column":22}},"162":{"start":{"line":509,"column":10},"end":{"line":509,"column":22}},"163":{"start":{"line":512,"column":8},"end":{"line":512,"column":20}},"164":{"start":{"line":514,"column":8},"end":{"line":514,"column":23}},"165":{"start":{"line":516,"column":8},"end":{"line":516,"column":23}},"166":{"start":{"line":521,"column":6},"end":{"line":521,"column":13}},"167":{"start":{"line":523,"column":6},"end":{"line":525,"column":null}},"168":{"start":{"line":524,"column":8},"end":{"line":524,"column":15}},"169":{"start":{"line":526,"column":11},"end":{"line":528,"column":null}},"170":{"start":{"line":527,"column":6},"end":{"line":527,"column":13}},"171":{"start":{"line":530,"column":2},"end":{"line":530,"column":9}},"172":{"start":{"line":534,"column":2},"end":{"line":555,"column":null}},"173":{"start":{"line":535,"column":4},"end":{"line":537,"column":null}},"174":{"start":{"line":536,"column":6},"end":{"line":536,"column":14}},"175":{"start":{"line":538,"column":4},"end":{"line":538,"column":11}},"176":{"start":{"line":539,"column":6},"end":{"line":541,"column":null}},"177":{"start":{"line":540,"column":8},"end":{"line":540,"column":15}},"178":{"start":{"line":542,"column":6},"end":{"line":542,"column":13}},"179":{"start":{"line":544,"column":9},"end":{"line":555,"column":null}},"180":{"start":{"line":545,"column":16},"end":{"line":545,"column":22}},"181":{"start":{"line":546,"column":4},"end":{"line":546,"column":11}},"182":{"start":{"line":547,"column":6},"end":{"line":547,"column":9}},"183":{"start":{"line":551,"column":6},"end":{"line":551,"column":13}},"184":{"start":{"line":554,"column":4},"end":{"line":554,"column":11}},"185":{"start":{"line":564,"column":2},"end":{"line":566,"column":null}},"186":{"start":{"line":565,"column":4},"end":{"line":565,"column":10}},"187":{"start":{"line":568,"column":19},"end":{"line":568,"column":null}},"188":{"start":{"line":577,"column":2},"end":{"line":580,"column":null}},"189":{"start":{"line":579,"column":4},"end":{"line":579,"column":11}},"190":{"start":{"line":581,"column":2},"end":{"line":583,"column":null}},"191":{"start":{"line":582,"column":4},"end":{"line":582,"column":11}},"192":{"start":{"line":584,"column":2},"end":{"line":586,"column":null}},"193":{"start":{"line":585,"column":4},"end":{"line":585,"column":11}},"194":{"start":{"line":587,"column":2},"end":{"line":587,"column":9}}},"fnMap":{"0":{"name":"isObject","decl":{"start":{"line":11,"column":16},"end":{"line":11,"column":25}},"loc":{"start":{"line":11,"column":35},"end":{"line":13,"column":null}}},"1":{"name":"isEmptyObject","decl":{"start":{"line":15,"column":16},"end":{"line":15,"column":30}},"loc":{"start":{"line":15,"column":40},"end":{"line":17,"column":null}}},"2":{"name":"hasOwnProperty","decl":{"start":{"line":19,"column":16},"end":{"line":19,"column":31}},"loc":{"start":{"line":19,"column":52},"end":{"line":25,"column":null}}},"3":{"name":"validateData","decl":{"start":{"line":32,"column":16},"end":{"line":32,"column":29}},"loc":{"start":{"line":32,"column":51},"end":{"line":38,"column":null}}},"4":{"name":"resolveSchema","decl":{"start":{"line":41,"column":16},"end":{"line":41,"column":30}},"loc":{"start":{"line":41,"column":76},"end":{"line":58,"column":null}}},"5":{"name":"(anonymous_5)","decl":{"start":{"line":50,"column":31},"end":{"line":50,"column":null}},"loc":{"start":{"line":51,"column":8},"end":{"line":51,"column":23}}},"6":{"name":"retrieveSchema","decl":{"start":{"line":60,"column":16},"end":{"line":60,"column":null}},"loc":{"start":{"line":63,"column":20},"end":{"line":96,"column":null}}},"7":{"name":"stubExistingAdditionalProperties","decl":{"start":{"line":100,"column":16},"end":{"line":100,"column":null}},"loc":{"start":{"line":103,"column":20},"end":{"line":137,"column":null}}},"8":{"name":"(anonymous_8)","decl":{"start":{"line":111,"column":33},"end":{"line":111,"column":40}},"loc":{"start":{"line":111,"column":40},"end":{"line":134,"column":null}}},"9":{"name":"resolveReference","decl":{"start":{"line":152,"column":9},"end":{"line":152,"column":26}},"loc":{"start":{"line":152,"column":69},"end":{"line":163,"column":null}}},"10":{"name":"findSchemaDefinition","decl":{"start":{"line":165,"column":16},"end":{"line":165,"column":37}},"loc":{"start":{"line":165,"column":66},"end":{"line":182,"column":null}}},"11":{"name":"resolveDependencies","decl":{"start":{"line":184,"column":9},"end":{"line":184,"column":null}},"loc":{"start":{"line":187,"column":15},"end":{"line":208,"column":null}}},"12":{"name":"processDependencies","decl":{"start":{"line":209,"column":9},"end":{"line":209,"column":null}},"loc":{"start":{"line":213,"column":15},"end":{"line":251,"column":null}}},"13":{"name":"withDependentProperties","decl":{"start":{"line":253,"column":9},"end":{"line":253,"column":33}},"loc":{"start":{"line":253,"column":71},"end":{"line":261,"column":null}}},"14":{"name":"withDependentSchema","decl":{"start":{"line":263,"column":9},"end":{"line":263,"column":null}},"loc":{"start":{"line":268,"column":22},"end":{"line":296,"column":null}}},"15":{"name":"(anonymous_15)","decl":{"start":{"line":284,"column":35},"end":{"line":284,"column":null}},"loc":{"start":{"line":285,"column":4},"end":{"line":287,"column":null}}},"16":{"name":"withExactlyOneSubschema","decl":{"start":{"line":298,"column":9},"end":{"line":298,"column":null}},"loc":{"start":{"line":303,"column":12},"end":{"line":340,"column":null}}},"17":{"name":"(anonymous_17)","decl":{"start":{"line":305,"column":40},"end":{"line":305,"column":58}},"loc":{"start":{"line":305,"column":58},"end":{"line":321,"column":null}}},"18":{"name":"mergeSchemas","decl":{"start":{"line":347,"column":16},"end":{"line":347,"column":29}},"loc":{"start":{"line":347,"column":49},"end":{"line":370,"column":null}}},"19":{"name":"(anonymous_19)","decl":{"start":{"line":349,"column":34},"end":{"line":349,"column":35}},"loc":{"start":{"line":349,"column":47},"end":{"line":369,"column":5}}},"20":{"name":"getSchemaType","decl":{"start":{"line":381,"column":16},"end":{"line":381,"column":30}},"loc":{"start":{"line":381,"column":44},"end":{"line":426,"column":null}}},"21":{"name":"(anonymous_21)","decl":{"start":{"line":398,"column":19},"end":{"line":398,"column":28}},"loc":{"start":{"line":398,"column":28},"end":{"line":398,"column":null}}},"22":{"name":"guessType","decl":{"start":{"line":430,"column":34},"end":{"line":430,"column":44}},"loc":{"start":{"line":430,"column":54},"end":{"line":446,"column":null}}},"23":{"name":"isConstant","decl":{"start":{"line":448,"column":16},"end":{"line":448,"column":27}},"loc":{"start":{"line":448,"column":41},"end":{"line":453,"column":null}}},"24":{"name":"isSelect","decl":{"start":{"line":455,"column":16},"end":{"line":455,"column":25}},"loc":{"start":{"line":455,"column":62},"end":{"line":464,"column":null}}},"25":{"name":"(anonymous_25)","decl":{"start":{"line":461,"column":29},"end":{"line":461,"column":44}},"loc":{"start":{"line":461,"column":44},"end":{"line":461,"column":55}}},"26":{"name":"isMultiSelect","decl":{"start":{"line":466,"column":16},"end":{"line":466,"column":30}},"loc":{"start":{"line":466,"column":69},"end":{"line":471,"column":null}}},"27":{"name":"getMatchingOption","decl":{"start":{"line":474,"column":16},"end":{"line":474,"column":null}},"loc":{"start":{"line":477,"column":49},"end":{"line":531,"column":null}}},"28":{"name":"(anonymous_28)","decl":{"start":{"line":493,"column":51},"end":{"line":493,"column":60}},"loc":{"start":{"line":493,"column":60},"end":{"line":493,"column":null}}},"29":{"name":"mergeDefaultsWithFormData","decl":{"start":{"line":533,"column":16},"end":{"line":533,"column":42}},"loc":{"start":{"line":533,"column":70},"end":{"line":556,"column":null}}},"30":{"name":"(anonymous_30)","decl":{"start":{"line":538,"column":24},"end":{"line":538,"column":25}},"loc":{"start":{"line":538,"column":39},"end":{"line":543,"column":null}}},"31":{"name":"(anonymous_31)","decl":{"start":{"line":546,"column":40},"end":{"line":546,"column":41}},"loc":{"start":{"line":546,"column":53},"end":{"line":552,"column":7}}},"32":{"name":"getDefaultFormState","decl":{"start":{"line":558,"column":16},"end":{"line":558,"column":null}},"loc":{"start":{"line":560,"column":15},"end":{"line":588,"column":null}}}},"branchMap":{"0":{"loc":{"start":{"line":12,"column":9},"end":{"line":12,"column":38}},"type":"binary-expr","locations":[{"start":{"line":12,"column":9},"end":{"line":12,"column":38}},{"start":{"line":12,"column":38},"end":{"line":12,"column":56}},{"start":{"line":12,"column":56},"end":{"line":12,"column":62}}]},"1":{"loc":{"start":{"line":16,"column":9},"end":{"line":16,"column":18}},"type":"binary-expr","locations":[{"start":{"line":16,"column":9},"end":{"line":16,"column":18}},{"start":{"line":16,"column":28},"end":{"line":16,"column":null}}]},"2":{"loc":{"start":{"line":41,"column":59},"end":{"line":41,"column":63}},"type":"default-arg","locations":[{"start":{"line":41,"column":59},"end":{"line":41,"column":63}}]},"3":{"loc":{"start":{"line":41,"column":74},"end":{"line":41,"column":76}},"type":"default-arg","locations":[{"start":{"line":41,"column":74},"end":{"line":41,"column":76}}]},"4":{"loc":{"start":{"line":42,"column":2},"end":{"line":57,"column":null}},"type":"if","locations":[{"start":{"line":42,"column":2},"end":{"line":57,"column":null}},{"start":{"line":42,"column":2},"end":{"line":57,"column":null}}]},"5":{"loc":{"start":{"line":44,"column":9},"end":{"line":57,"column":null}},"type":"if","locations":[{"start":{"line":44,"column":9},"end":{"line":57,"column":null}},{"start":{"line":44,"column":9},"end":{"line":57,"column":null}}]},"6":{"loc":{"start":{"line":47,"column":9},"end":{"line":57,"column":null}},"type":"if","locations":[{"start":{"line":47,"column":9},"end":{"line":57,"column":null}},{"start":{"line":47,"column":9},"end":{"line":57,"column":null}}]},"7":{"loc":{"start":{"line":47,"column":13},"end":{"line":47,"column":28}},"type":"binary-expr","locations":[{"start":{"line":47,"column":13},"end":{"line":47,"column":28}},{"start":{"line":47,"column":48},"end":{"line":47,"column":53}}]},"8":{"loc":{"start":{"line":62,"column":15},"end":{"line":62,"column":null}},"type":"default-arg","locations":[{"start":{"line":62,"column":15},"end":{"line":62,"column":null}}]},"9":{"loc":{"start":{"line":63,"column":18},"end":{"line":63,"column":20}},"type":"default-arg","locations":[{"start":{"line":63,"column":18},"end":{"line":63,"column":20}}]},"10":{"loc":{"start":{"line":65,"column":2},"end":{"line":67,"column":null}},"type":"if","locations":[{"start":{"line":65,"column":2},"end":{"line":67,"column":null}},{"start":{"line":65,"column":2},"end":{"line":67,"column":null}}]},"11":{"loc":{"start":{"line":71,"column":2},"end":{"line":83,"column":null}},"type":"if","locations":[{"start":{"line":71,"column":2},"end":{"line":83,"column":null}},{"start":{"line":71,"column":2},"end":{"line":83,"column":null}}]},"12":{"loc":{"start":{"line":85,"column":4},"end":{"line":85,"column":18}},"type":"binary-expr","locations":[{"start":{"line":85,"column":4},"end":{"line":85,"column":18}},{"start":{"line":86,"column":4},"end":{"line":86,"column":null}}]},"13":{"loc":{"start":{"line":87,"column":2},"end":{"line":94,"column":null}},"type":"if","locations":[{"start":{"line":87,"column":2},"end":{"line":94,"column":null}},{"start":{"line":87,"column":2},"end":{"line":94,"column":null}}]},"14":{"loc":{"start":{"line":102,"column":23},"end":{"line":102,"column":null}},"type":"default-arg","locations":[{"start":{"line":102,"column":23},"end":{"line":102,"column":null}}]},"15":{"loc":{"start":{"line":103,"column":18},"end":{"line":103,"column":20}},"type":"default-arg","locations":[{"start":{"line":103,"column":18},"end":{"line":103,"column":20}}]},"16":{"loc":{"start":{"line":112,"column":4},"end":{"line":115,"column":null}},"type":"if","locations":[{"start":{"line":112,"column":4},"end":{"line":115,"column":null}},{"start":{"line":112,"column":4},"end":{"line":115,"column":null}}]},"17":{"loc":{"start":{"line":118,"column":4},"end":{"line":128,"column":null}},"type":"if","locations":[{"start":{"line":118,"column":4},"end":{"line":128,"column":null}},{"start":{"line":118,"column":4},"end":{"line":128,"column":null}}]},"18":{"loc":{"start":{"line":124,"column":11},"end":{"line":128,"column":null}},"type":"if","locations":[{"start":{"line":124,"column":11},"end":{"line":128,"column":null}},{"start":{"line":124,"column":11},"end":{"line":128,"column":null}}]},"19":{"loc":{"start":{"line":165,"column":64},"end":{"line":165,"column":66}},"type":"default-arg","locations":[{"start":{"line":165,"column":64},"end":{"line":165,"column":66}}]},"20":{"loc":{"start":{"line":167,"column":2},"end":{"line":172,"column":null}},"type":"if","locations":[{"start":{"line":167,"column":2},"end":{"line":172,"column":null}},{"start":{"line":167,"column":2},"end":{"line":172,"column":null}}]},"21":{"loc":{"start":{"line":174,"column":2},"end":{"line":176,"column":null}},"type":"if","locations":[{"start":{"line":174,"column":2},"end":{"line":176,"column":null}},{"start":{"line":174,"column":2},"end":{"line":176,"column":null}}]},"22":{"loc":{"start":{"line":177,"column":2},"end":{"line":180,"column":null}},"type":"if","locations":[{"start":{"line":177,"column":2},"end":{"line":180,"column":null}},{"start":{"line":177,"column":2},"end":{"line":180,"column":null}}]},"23":{"loc":{"start":{"line":190,"column":23},"end":{"line":190,"column":27}},"type":"default-arg","locations":[{"start":{"line":190,"column":23},"end":{"line":190,"column":27}}]},"24":{"loc":{"start":{"line":191,"column":2},"end":{"line":201,"column":null}},"type":"if","locations":[{"start":{"line":191,"column":2},"end":{"line":201,"column":null}},{"start":{"line":191,"column":2},"end":{"line":201,"column":null}}]},"25":{"loc":{"start":{"line":196,"column":9},"end":{"line":201,"column":null}},"type":"if","locations":[{"start":{"line":196,"column":9},"end":{"line":201,"column":null}},{"start":{"line":196,"column":9},"end":{"line":201,"column":null}}]},"26":{"loc":{"start":{"line":218,"column":4},"end":{"line":220,"column":null}},"type":"if","locations":[{"start":{"line":218,"column":4},"end":{"line":220,"column":null}},{"start":{"line":218,"column":4},"end":{"line":220,"column":null}}]},"27":{"loc":{"start":{"line":222,"column":4},"end":{"line":227,"column":null}},"type":"if","locations":[{"start":{"line":222,"column":4},"end":{"line":227,"column":null}},{"start":{"line":222,"column":4},"end":{"line":227,"column":null}}]},"28":{"loc":{"start":{"line":223,"column":6},"end":{"line":223,"column":null}},"type":"binary-expr","locations":[{"start":{"line":223,"column":6},"end":{"line":223,"column":null}},{"start":{"line":224,"column":6},"end":{"line":224,"column":8}}]},"29":{"loc":{"start":{"line":232,"column":4},"end":{"line":242,"column":null}},"type":"if","locations":[{"start":{"line":232,"column":4},"end":{"line":242,"column":null}},{"start":{"line":232,"column":4},"end":{"line":242,"column":null}}]},"30":{"loc":{"start":{"line":234,"column":11},"end":{"line":242,"column":null}},"type":"if","locations":[{"start":{"line":234,"column":11},"end":{"line":242,"column":null}},{"start":{"line":234,"column":11},"end":{"line":242,"column":null}}]},"31":{"loc":{"start":{"line":254,"column":2},"end":{"line":256,"column":null}},"type":"if","locations":[{"start":{"line":254,"column":2},"end":{"line":256,"column":null}},{"start":{"line":254,"column":2},"end":{"line":256,"column":null}}]},"32":{"loc":{"start":{"line":258,"column":6},"end":{"line":258,"column":11}},"type":"cond-expr","locations":[{"start":{"line":258,"column":6},"end":{"line":258,"column":11}},{"start":{"line":259,"column":6},"end":{"line":259,"column":null}}]},"33":{"loc":{"start":{"line":278,"column":2},"end":{"line":282,"column":null}},"type":"if","locations":[{"start":{"line":278,"column":2},"end":{"line":282,"column":null}},{"start":{"line":278,"column":2},"end":{"line":282,"column":null}}]},"34":{"loc":{"start":{"line":280,"column":9},"end":{"line":282,"column":null}},"type":"if","locations":[{"start":{"line":280,"column":9},"end":{"line":282,"column":null}},{"start":{"line":280,"column":9},"end":{"line":282,"column":null}}]},"35":{"loc":{"start":{"line":286,"column":8},"end":{"line":286,"column":25}},"type":"cond-expr","locations":[{"start":{"line":286,"column":8},"end":{"line":286,"column":25}},{"start":{"line":287,"column":8},"end":{"line":287,"column":null}}]},"36":{"loc":{"start":{"line":306,"column":4},"end":{"line":308,"column":null}},"type":"if","locations":[{"start":{"line":306,"column":4},"end":{"line":308,"column":null}},{"start":{"line":306,"column":4},"end":{"line":308,"column":null}}]},"37":{"loc":{"start":{"line":310,"column":4},"end":{"line":320,"column":null}},"type":"if","locations":[{"start":{"line":310,"column":4},"end":{"line":320,"column":null}},{"start":{"line":310,"column":4},"end":{"line":320,"column":null}}]},"38":{"loc":{"start":{"line":319,"column":13},"end":{"line":319,"column":24}},"type":"binary-expr","locations":[{"start":{"line":319,"column":13},"end":{"line":319,"column":24}},{"start":{"line":319,"column":24},"end":{"line":319,"column":null}}]},"39":{"loc":{"start":{"line":322,"column":2},"end":{"line":327,"column":null}},"type":"if","locations":[{"start":{"line":322,"column":2},"end":{"line":327,"column":null}},{"start":{"line":322,"column":2},"end":{"line":327,"column":null}}]},"40":{"loc":{"start":{"line":350,"column":24},"end":{"line":350,"column":29}},"type":"cond-expr","locations":[{"start":{"line":350,"column":24},"end":{"line":350,"column":29}},{"start":{"line":350,"column":36},"end":{"line":350,"column":null}}]},"41":{"loc":{"start":{"line":352,"column":4},"end":{"line":367,"column":null}},"type":"if","locations":[{"start":{"line":352,"column":4},"end":{"line":367,"column":null}},{"start":{"line":352,"column":4},"end":{"line":367,"column":null}}]},"42":{"loc":{"start":{"line":352,"column":8},"end":{"line":352,"column":12}},"type":"binary-expr","locations":[{"start":{"line":352,"column":8},"end":{"line":352,"column":12}},{"start":{"line":352,"column":16},"end":{"line":352,"column":31}},{"start":{"line":352,"column":45},"end":{"line":352,"column":54}}]},"43":{"loc":{"start":{"line":354,"column":11},"end":{"line":367,"column":null}},"type":"if","locations":[{"start":{"line":354,"column":11},"end":{"line":367,"column":null}},{"start":{"line":354,"column":11},"end":{"line":367,"column":null}}]},"44":{"loc":{"start":{"line":355,"column":6},"end":{"line":355,"column":10}},"type":"binary-expr","locations":[{"start":{"line":355,"column":6},"end":{"line":355,"column":10}},{"start":{"line":356,"column":6},"end":{"line":356,"column":null}},{"start":{"line":357,"column":7},"end":{"line":357,"column":43}},{"start":{"line":357,"column":43},"end":{"line":357,"column":null}},{"start":{"line":358,"column":6},"end":{"line":358,"column":null}},{"start":{"line":359,"column":6},"end":{"line":359,"column":11}},{"start":{"line":360,"column":6},"end":{"line":360,"column":11}}]},"45":{"loc":{"start":{"line":384,"column":2},"end":{"line":386,"column":null}},"type":"if","locations":[{"start":{"line":384,"column":2},"end":{"line":386,"column":null}},{"start":{"line":384,"column":2},"end":{"line":386,"column":null}}]},"46":{"loc":{"start":{"line":384,"column":6},"end":{"line":384,"column":15}},"type":"binary-expr","locations":[{"start":{"line":384,"column":6},"end":{"line":384,"column":15}},{"start":{"line":384,"column":15},"end":{"line":384,"column":29}}]},"47":{"loc":{"start":{"line":388,"column":2},"end":{"line":390,"column":null}},"type":"if","locations":[{"start":{"line":388,"column":2},"end":{"line":390,"column":null}},{"start":{"line":388,"column":2},"end":{"line":390,"column":null}}]},"48":{"loc":{"start":{"line":388,"column":6},"end":{"line":388,"column":15}},"type":"binary-expr","locations":[{"start":{"line":388,"column":6},"end":{"line":388,"column":15}},{"start":{"line":388,"column":15},"end":{"line":388,"column":28}}]},"49":{"loc":{"start":{"line":392,"column":2},"end":{"line":394,"column":null}},"type":"if","locations":[{"start":{"line":392,"column":2},"end":{"line":394,"column":null}},{"start":{"line":392,"column":2},"end":{"line":394,"column":null}}]},"50":{"loc":{"start":{"line":392,"column":6},"end":{"line":392,"column":16}},"type":"binary-expr","locations":[{"start":{"line":392,"column":6},"end":{"line":392,"column":16}},{"start":{"line":392,"column":16},"end":{"line":392,"column":37}},{"start":{"line":392,"column":37},"end":{"line":392,"column":67}}]},"51":{"loc":{"start":{"line":397,"column":2},"end":{"line":399,"column":null}},"type":"if","locations":[{"start":{"line":397,"column":2},"end":{"line":399,"column":null}},{"start":{"line":397,"column":2},"end":{"line":399,"column":null}}]},"52":{"loc":{"start":{"line":397,"column":6},"end":{"line":397,"column":28}},"type":"binary-expr","locations":[{"start":{"line":397,"column":6},"end":{"line":397,"column":28}},{"start":{"line":397,"column":28},"end":{"line":397,"column":46}},{"start":{"line":397,"column":46},"end":{"line":397,"column":47}}]},"53":{"loc":{"start":{"line":431,"column":2},"end":{"line":443,"column":null}},"type":"if","locations":[{"start":{"line":431,"column":2},"end":{"line":443,"column":null}},{"start":{"line":431,"column":2},"end":{"line":443,"column":null}}]},"54":{"loc":{"start":{"line":433,"column":9},"end":{"line":443,"column":null}},"type":"if","locations":[{"start":{"line":433,"column":9},"end":{"line":443,"column":null}},{"start":{"line":433,"column":9},"end":{"line":443,"column":null}}]},"55":{"loc":{"start":{"line":435,"column":9},"end":{"line":443,"column":null}},"type":"if","locations":[{"start":{"line":435,"column":9},"end":{"line":443,"column":null}},{"start":{"line":435,"column":9},"end":{"line":443,"column":null}}]},"56":{"loc":{"start":{"line":437,"column":9},"end":{"line":443,"column":null}},"type":"if","locations":[{"start":{"line":437,"column":9},"end":{"line":443,"column":null}},{"start":{"line":437,"column":9},"end":{"line":443,"column":null}}]},"57":{"loc":{"start":{"line":439,"column":9},"end":{"line":443,"column":null}},"type":"if","locations":[{"start":{"line":439,"column":9},"end":{"line":443,"column":null}},{"start":{"line":439,"column":9},"end":{"line":443,"column":null}}]},"58":{"loc":{"start":{"line":441,"column":9},"end":{"line":443,"column":null}},"type":"if","locations":[{"start":{"line":441,"column":9},"end":{"line":443,"column":null}},{"start":{"line":441,"column":9},"end":{"line":443,"column":null}}]},"59":{"loc":{"start":{"line":450,"column":5},"end":{"line":450,"column":10}},"type":"binary-expr","locations":[{"start":{"line":450,"column":5},"end":{"line":450,"column":10}},{"start":{"line":450,"column":35},"end":{"line":450,"column":null}},{"start":{"line":451,"column":4},"end":{"line":451,"column":10}}]},"60":{"loc":{"start":{"line":455,"column":60},"end":{"line":455,"column":62}},"type":"default-arg","locations":[{"start":{"line":455,"column":60},"end":{"line":455,"column":62}}]},"61":{"loc":{"start":{"line":457,"column":21},"end":{"line":457,"column":37}},"type":"binary-expr","locations":[{"start":{"line":457,"column":21},"end":{"line":457,"column":37}},{"start":{"line":457,"column":37},"end":{"line":457,"column":null}}]},"62":{"loc":{"start":{"line":458,"column":2},"end":{"line":462,"column":null}},"type":"if","locations":[{"start":{"line":458,"column":2},"end":{"line":462,"column":null}},{"start":{"line":458,"column":2},"end":{"line":462,"column":null}}]},"63":{"loc":{"start":{"line":460,"column":9},"end":{"line":462,"column":null}},"type":"if","locations":[{"start":{"line":460,"column":9},"end":{"line":462,"column":null}},{"start":{"line":460,"column":9},"end":{"line":462,"column":null}}]},"64":{"loc":{"start":{"line":466,"column":67},"end":{"line":466,"column":69}},"type":"default-arg","locations":[{"start":{"line":466,"column":67},"end":{"line":466,"column":69}}]},"65":{"loc":{"start":{"line":467,"column":2},"end":{"line":469,"column":null}},"type":"if","locations":[{"start":{"line":467,"column":2},"end":{"line":469,"column":null}},{"start":{"line":467,"column":2},"end":{"line":469,"column":null}}]},"66":{"loc":{"start":{"line":467,"column":6},"end":{"line":467,"column":29}},"type":"binary-expr","locations":[{"start":{"line":467,"column":6},"end":{"line":467,"column":29}},{"start":{"line":467,"column":29},"end":{"line":467,"column":44}}]},"67":{"loc":{"start":{"line":489,"column":4},"end":{"line":528,"column":null}},"type":"if","locations":[{"start":{"line":489,"column":4},"end":{"line":528,"column":null}},{"start":{"line":489,"column":4},"end":{"line":528,"column":null}}]},"68":{"loc":{"start":{"line":501,"column":6},"end":{"line":517,"column":null}},"type":"if","locations":[{"start":{"line":501,"column":6},"end":{"line":517,"column":null}},{"start":{"line":501,"column":6},"end":{"line":517,"column":null}}]},"69":{"loc":{"start":{"line":505,"column":8},"end":{"line":510,"column":null}},"type":"if","locations":[{"start":{"line":505,"column":8},"end":{"line":510,"column":null}},{"start":{"line":505,"column":8},"end":{"line":510,"column":null}}]},"70":{"loc":{"start":{"line":523,"column":6},"end":{"line":525,"column":null}},"type":"if","locations":[{"start":{"line":523,"column":6},"end":{"line":525,"column":null}},{"start":{"line":523,"column":6},"end":{"line":525,"column":null}}]},"71":{"loc":{"start":{"line":526,"column":11},"end":{"line":528,"column":null}},"type":"if","locations":[{"start":{"line":526,"column":11},"end":{"line":528,"column":null}},{"start":{"line":526,"column":11},"end":{"line":528,"column":null}}]},"72":{"loc":{"start":{"line":534,"column":2},"end":{"line":555,"column":null}},"type":"if","locations":[{"start":{"line":534,"column":2},"end":{"line":555,"column":null}},{"start":{"line":534,"column":2},"end":{"line":555,"column":null}}]},"73":{"loc":{"start":{"line":535,"column":4},"end":{"line":537,"column":null}},"type":"if","locations":[{"start":{"line":535,"column":4},"end":{"line":537,"column":null}},{"start":{"line":535,"column":4},"end":{"line":537,"column":null}}]},"74":{"loc":{"start":{"line":539,"column":6},"end":{"line":541,"column":null}},"type":"if","locations":[{"start":{"line":539,"column":6},"end":{"line":541,"column":null}},{"start":{"line":539,"column":6},"end":{"line":541,"column":null}}]},"75":{"loc":{"start":{"line":544,"column":9},"end":{"line":555,"column":null}},"type":"if","locations":[{"start":{"line":544,"column":9},"end":{"line":555,"column":null}},{"start":{"line":544,"column":9},"end":{"line":555,"column":null}}]},"76":{"loc":{"start":{"line":548,"column":19},"end":{"line":548,"column":28}},"type":"cond-expr","locations":[{"start":{"line":548,"column":19},"end":{"line":548,"column":28}},{"start":{"line":548,"column":35},"end":{"line":548,"column":null}}]},"77":{"loc":{"start":{"line":564,"column":2},"end":{"line":566,"column":null}},"type":"if","locations":[{"start":{"line":564,"column":2},"end":{"line":566,"column":null}},{"start":{"line":564,"column":2},"end":{"line":566,"column":null}}]},"78":{"loc":{"start":{"line":577,"column":2},"end":{"line":580,"column":null}},"type":"if","locations":[{"start":{"line":577,"column":2},"end":{"line":580,"column":null}},{"start":{"line":577,"column":2},"end":{"line":580,"column":null}}]},"79":{"loc":{"start":{"line":581,"column":2},"end":{"line":583,"column":null}},"type":"if","locations":[{"start":{"line":581,"column":2},"end":{"line":583,"column":null}},{"start":{"line":581,"column":2},"end":{"line":583,"column":null}}]},"80":{"loc":{"start":{"line":581,"column":6},"end":{"line":581,"column":15}},"type":"binary-expr","locations":[{"start":{"line":581,"column":6},"end":{"line":581,"column":15}},{"start":{"line":581,"column":28},"end":{"line":581,"column":33}}]},"81":{"loc":{"start":{"line":584,"column":2},"end":{"line":586,"column":null}},"type":"if","locations":[{"start":{"line":584,"column":2},"end":{"line":586,"column":null}},{"start":{"line":584,"column":2},"end":{"line":586,"column":null}}]},"82":{"loc":{"start":{"line":584,"column":6},"end":{"line":584,"column":24}},"type":"binary-expr","locations":[{"start":{"line":584,"column":6},"end":{"line":584,"column":24}},{"start":{"line":584,"column":24},"end":{"line":584,"column":46}},{"start":{"line":584,"column":46},"end":{"line":584,"column":63}}]},"83":{"loc":{"start":{"line":587,"column":9},"end":{"line":587,"column":17}},"type":"binary-expr","locations":[{"start":{"line":587,"column":9},"end":{"line":587,"column":17}},{"start":{"line":587,"column":21},"end":{"line":587,"column":null}}]}},"s":{"0":2,"1":2,"2":2,"3":2,"4":18,"5":0,"6":30,"7":2,"8":0,"9":0,"10":10,"11":0,"12":10,"13":0,"14":0,"15":10,"16":0,"17":0,"18":10,"19":10,"20":0,"21":10,"22":10,"23":0,"24":0,"25":0,"26":0,"27":0,"28":10,"29":10,"30":0,"31":10,"32":2,"33":0,"34":0,"35":0,"36":0,"37":0,"38":0,"39":0,"40":0,"41":0,"42":0,"43":0,"44":0,"45":0,"46":0,"47":0,"48":0,"49":0,"50":0,"51":0,"52":0,"53":0,"54":0,"55":0,"56":0,"57":0,"58":0,"59":0,"60":0,"61":0,"62":0,"63":0,"64":0,"65":0,"66":0,"67":0,"68":0,"69":0,"70":0,"71":0,"72":0,"73":0,"74":0,"75":0,"76":0,"77":0,"78":0,"79":0,"80":0,"81":0,"82":0,"83":0,"84":0,"85":0,"86":0,"87":0,"88":0,"89":0,"90":0,"91":0,"92":0,"93":0,"94":0,"95":0,"96":0,"97":0,"98":0,"99":0,"100":0,"101":0,"102":0,"103":0,"104":0,"105":0,"106":0,"107":0,"108":0,"109":0,"110":0,"111":0,"112":0,"113":0,"114":0,"115":0,"116":0,"117":0,"118":0,"119":0,"120":0,"121":0,"122":0,"123":0,"124":0,"125":0,"126":2,"127":0,"128":0,"129":0,"130":0,"131":0,"132":0,"133":0,"134":0,"135":0,"136":0,"137":0,"138":0,"139":0,"140":0,"141":0,"142":0,"143":0,"144":0,"145":0,"146":0,"147":0,"148":0,"149":0,"150":0,"151":0,"152":0,"153":0,"154":0,"155":0,"156":0,"157":0,"158":0,"159":0,"160":0,"161":0,"162":0,"163":0,"164":0,"165":0,"166":0,"167":0,"168":0,"169":0,"170":0,"171":0,"172":0,"173":0,"174":0,"175":0,"176":0,"177":0,"178":0,"179":0,"180":0,"181":0,"182":0,"183":0,"184":0,"185":0,"186":0,"187":0,"188":0,"189":0,"190":0,"191":0,"192":0,"193":0,"194":0},"f":{"0":18,"1":0,"2":30,"3":0,"4":10,"5":0,"6":10,"7":0,"8":0,"9":0,"10":0,"11":0,"12":0,"13":0,"14":0,"15":0,"16":0,"17":0,"18":0,"19":0,"20":0,"21":0,"22":0,"23":0,"24":0,"25":0,"26":0,"27":0,"28":0,"29":0,"30":0,"31":0,"32":0},"b":{"0":[18,18,18],"1":[0,0],"2":[0],"3":[0],"4":[0,10],"5":[0,10],"6":[0,10],"7":[10,0],"8":[0],"9":[5],"10":[0,10],"11":[0,10],"12":[10,0],"13":[0,10],"14":[0],"15":[0],"16":[0,0],"17":[0,0],"18":[0,0],"19":[0],"20":[0,0],"21":[0,0],"22":[0,0],"23":[0],"24":[0,0],"25":[0,0],"26":[0,0],"27":[0,0],"28":[0,0],"29":[0,0],"30":[0,0],"31":[0,0],"32":[0,0],"33":[0,0],"34":[0,0],"35":[0,0],"36":[0,0],"37":[0,0],"38":[0,0],"39":[0,0],"40":[0,0],"41":[0,0],"42":[0,0,0],"43":[0,0],"44":[0,0,0,0,0,0,0],"45":[0,0],"46":[0,0],"47":[0,0],"48":[0,0],"49":[0,0],"50":[0,0,0],"51":[0,0],"52":[0,0,0],"53":[0,0],"54":[0,0],"55":[0,0],"56":[0,0],"57":[0,0],"58":[0,0],"59":[0,0,0],"60":[0],"61":[0,0],"62":[0,0],"63":[0,0],"64":[0],"65":[0,0],"66":[0,0],"67":[0,0],"68":[0,0],"69":[0,0],"70":[0,0],"71":[0,0],"72":[0,0],"73":[0,0],"74":[0,0],"75":[0,0],"76":[0,0],"77":[0,0],"78":[0,0],"79":[0,0],"80":[0,0],"81":[0,0],"82":[0,0,0],"83":[0,0]}}
,"/Users/zhangzihao/zzh/workspace/myGit/vue3-json-schema-form/lib/fields/ArrayField.tsx": {"path":"/Users/zhangzihao/zzh/workspace/myGit/vue3-json-schema-form/lib/fields/ArrayField.tsx","statementMap":{"0":{"start":{"line":1,"column":0},"end":{"line":1,"column":null}},"1":{"start":{"line":2,"column":0},"end":{"line":2,"column":null}},"2":{"start":{"line":3,"column":0},"end":{"line":3,"column":null}},"3":{"start":{"line":4,"column":0},"end":{"line":4,"column":null}},"4":{"start":{"line":6,"column":0},"end":{"line":6,"column":null}},"5":{"start":{"line":8,"column":18},"end":{"line":8,"column":34}},"6":{"start":{"line":27,"column":25},"end":{"line":27,"column":41}},"7":{"start":{"line":52,"column":21},"end":{"line":52,"column":null}},"8":{"start":{"line":53,"column":22},"end":{"line":53,"column":33}},"9":{"start":{"line":53,"column":28},"end":{"line":53,"column":33}},"10":{"start":{"line":54,"column":23},"end":{"line":54,"column":34}},"11":{"start":{"line":54,"column":29},"end":{"line":54,"column":34}},"12":{"start":{"line":55,"column":21},"end":{"line":55,"column":32}},"13":{"start":{"line":55,"column":27},"end":{"line":55,"column":32}},"14":{"start":{"line":56,"column":25},"end":{"line":56,"column":36}},"15":{"start":{"line":56,"column":31},"end":{"line":56,"column":36}},"16":{"start":{"line":57,"column":4},"end":{"line":57,"column":11}},"17":{"start":{"line":58,"column":22},"end":{"line":58,"column":null}},"18":{"start":{"line":59,"column":6},"end":{"line":59,"column":null}},"19":{"start":{"line":82,"column":15},"end":{"line":82,"column":31}},"20":{"start":{"line":86,"column":20},"end":{"line":86,"column":null}},"21":{"start":{"line":87,"column":23},"end":{"line":87,"column":null}},"22":{"start":{"line":88,"column":21},"end":{"line":91,"column":null}},"23":{"start":{"line":89,"column":24},"end":{"line":89,"column":null}},"24":{"start":{"line":90,"column":6},"end":{"line":90,"column":13}},"25":{"start":{"line":92,"column":34},"end":{"line":96,"column":null}},"26":{"start":{"line":93,"column":20},"end":{"line":93,"column":null}},"27":{"start":{"line":94,"column":6},"end":{"line":94,"column":11}},"28":{"start":{"line":95,"column":6},"end":{"line":95,"column":11}},"29":{"start":{"line":97,"column":23},"end":{"line":101,"column":null}},"30":{"start":{"line":98,"column":20},"end":{"line":98,"column":null}},"31":{"start":{"line":99,"column":6},"end":{"line":99,"column":11}},"32":{"start":{"line":100,"column":6},"end":{"line":100,"column":11}},"33":{"start":{"line":102,"column":26},"end":{"line":106,"column":null}},"34":{"start":{"line":103,"column":20},"end":{"line":103,"column":null}},"35":{"start":{"line":104,"column":6},"end":{"line":104,"column":11}},"36":{"start":{"line":105,"column":6},"end":{"line":105,"column":11}},"37":{"start":{"line":107,"column":22},"end":{"line":115,"column":null}},"38":{"start":{"line":108,"column":6},"end":{"line":110,"column":null}},"39":{"start":{"line":109,"column":8},"end":{"line":109,"column":null}},"40":{"start":{"line":111,"column":20},"end":{"line":111,"column":null}},"41":{"start":{"line":112,"column":25},"end":{"line":112,"column":30}},"42":{"start":{"line":113,"column":6},"end":{"line":113,"column":11}},"43":{"start":{"line":114,"column":6},"end":{"line":114,"column":11}},"44":{"start":{"line":116,"column":24},"end":{"line":124,"column":null}},"45":{"start":{"line":117,"column":20},"end":{"line":117,"column":null}},"46":{"start":{"line":118,"column":6},"end":{"line":120,"column":null}},"47":{"start":{"line":119,"column":8},"end":{"line":119,"column":null}},"48":{"start":{"line":121,"column":25},"end":{"line":121,"column":30}},"49":{"start":{"line":122,"column":6},"end":{"line":122,"column":11}},"50":{"start":{"line":123,"column":6},"end":{"line":123,"column":11}},"51":{"start":{"line":125,"column":4},"end":{"line":125,"column":11}},"52":{"start":{"line":126,"column":44},"end":{"line":126,"column":null}},"53":{"start":{"line":127,"column":26},"end":{"line":127,"column":null}},"54":{"start":{"line":128,"column":26},"end":{"line":128,"column":31}},"55":{"start":{"line":129,"column":23},"end":{"line":129,"column":null}},"56":{"start":{"line":130,"column":6},"end":{"line":183,"column":null}},"57":{"start":{"line":131,"column":20},"end":{"line":131,"column":null}},"58":{"start":{"line":132,"column":8},"end":{"line":132,"column":null}},"59":{"start":{"line":135,"column":14},"end":{"line":135,"column":null}},"60":{"start":{"line":141,"column":35},"end":{"line":141,"column":57}},"61":{"start":{"line":147,"column":13},"end":{"line":183,"column":null}},"62":{"start":{"line":148,"column":20},"end":{"line":148,"column":null}},"63":{"start":{"line":149,"column":8},"end":{"line":149,"column":null}},"64":{"start":{"line":152,"column":14},"end":{"line":152,"column":null}},"65":{"start":{"line":164,"column":37},"end":{"line":164,"column":59}},"66":{"start":{"line":172,"column":29},"end":{"line":172,"column":48}},"67":{"start":{"line":172,"column":71},"end":{"line":172,"column":null}},"68":{"start":{"line":176,"column":8},"end":{"line":176,"column":null}}},"fnMap":{"0":{"name":"(anonymous_0)","decl":{"start":{"line":51,"column":2},"end":{"line":51,"column":7}},"loc":{"start":{"line":51,"column":24},"end":{"line":79,"column":null}}},"1":{"name":"(anonymous_1)","decl":{"start":{"line":53,"column":22},"end":{"line":53,"column":28}},"loc":{"start":{"line":53,"column":28},"end":{"line":53,"column":33}}},"2":{"name":"(anonymous_2)","decl":{"start":{"line":54,"column":23},"end":{"line":54,"column":29}},"loc":{"start":{"line":54,"column":29},"end":{"line":54,"column":34}}},"3":{"name":"(anonymous_3)","decl":{"start":{"line":55,"column":21},"end":{"line":55,"column":27}},"loc":{"start":{"line":55,"column":27},"end":{"line":55,"column":32}}},"4":{"name":"(anonymous_4)","decl":{"start":{"line":56,"column":25},"end":{"line":56,"column":31}},"loc":{"start":{"line":56,"column":31},"end":{"line":56,"column":36}}},"5":{"name":"(anonymous_5)","decl":{"start":{"line":57,"column":11},"end":{"line":57,"column":16}},"loc":{"start":{"line":57,"column":16},"end":{"line":78,"column":null}}},"6":{"name":"(anonymous_6)","decl":{"start":{"line":85,"column":2},"end":{"line":85,"column":7}},"loc":{"start":{"line":85,"column":13},"end":{"line":185,"column":null}}},"7":{"name":"(anonymous_7)","decl":{"start":{"line":88,"column":21},"end":{"line":88,"column":26}},"loc":{"start":{"line":88,"column":26},"end":{"line":91,"column":null}}},"8":{"name":"(anonymous_8)","decl":{"start":{"line":92,"column":34},"end":{"line":92,"column":35}},"loc":{"start":{"line":92,"column":60},"end":{"line":96,"column":null}}},"9":{"name":"(anonymous_9)","decl":{"start":{"line":97,"column":23},"end":{"line":97,"column":40}},"loc":{"start":{"line":97,"column":40},"end":{"line":101,"column":null}}},"10":{"name":"(anonymous_10)","decl":{"start":{"line":102,"column":26},"end":{"line":102,"column":43}},"loc":{"start":{"line":102,"column":43},"end":{"line":106,"column":null}}},"11":{"name":"(anonymous_11)","decl":{"start":{"line":107,"column":22},"end":{"line":107,"column":39}},"loc":{"start":{"line":107,"column":39},"end":{"line":115,"column":null}}},"12":{"name":"(anonymous_12)","decl":{"start":{"line":116,"column":24},"end":{"line":116,"column":41}},"loc":{"start":{"line":116,"column":41},"end":{"line":124,"column":null}}},"13":{"name":"(anonymous_13)","decl":{"start":{"line":125,"column":11},"end":{"line":125,"column":16}},"loc":{"start":{"line":125,"column":16},"end":{"line":184,"column":null}}},"14":{"name":"(anonymous_14)","decl":{"start":{"line":134,"column":43},"end":{"line":134,"column":44}},"loc":{"start":{"line":134,"column":72},"end":{"line":144,"column":null}}},"15":{"name":"(anonymous_15)","decl":{"start":{"line":141,"column":29},"end":{"line":141,"column":35}},"loc":{"start":{"line":141,"column":35},"end":{"line":141,"column":57}}},"16":{"name":"(anonymous_16)","decl":{"start":{"line":151,"column":21},"end":{"line":151,"column":22}},"loc":{"start":{"line":151,"column":47},"end":{"line":168,"column":null}}},"17":{"name":"(anonymous_17)","decl":{"start":{"line":152,"column":14},"end":{"line":152,"column":null}},"loc":{"start":{"line":152,"column":14},"end":{"line":152,"column":null}}},"18":{"name":"(anonymous_18)","decl":{"start":{"line":164,"column":31},"end":{"line":164,"column":37}},"loc":{"start":{"line":164,"column":37},"end":{"line":164,"column":59}}},"19":{"name":"(anonymous_19)","decl":{"start":{"line":172,"column":59},"end":{"line":172,"column":71}},"loc":{"start":{"line":172,"column":71},"end":{"line":172,"column":null}}}},"branchMap":{"0":{"loc":{"start":{"line":75,"column":40},"end":{"line":75,"column":57}},"type":"binary-expr","locations":[{"start":{"line":75,"column":40},"end":{"line":75,"column":57}},{"start":{"line":75,"column":57},"end":{"line":75,"column":62}}]},"1":{"loc":{"start":{"line":90,"column":36},"end":{"line":90,"column":44}},"type":"cond-expr","locations":[{"start":{"line":90,"column":36},"end":{"line":90,"column":44}},{"start":{"line":90,"column":44},"end":{"line":90,"column":null}}]},"2":{"loc":{"start":{"line":108,"column":6},"end":{"line":110,"column":null}},"type":"if","locations":[{"start":{"line":108,"column":6},"end":{"line":110,"column":null}},{"start":{"line":108,"column":6},"end":{"line":110,"column":null}}]},"3":{"loc":{"start":{"line":118,"column":6},"end":{"line":120,"column":null}},"type":"if","locations":[{"start":{"line":118,"column":6},"end":{"line":120,"column":null}},{"start":{"line":118,"column":6},"end":{"line":120,"column":null}}]},"4":{"loc":{"start":{"line":129,"column":23},"end":{"line":129,"column":34}},"type":"binary-expr","locations":[{"start":{"line":129,"column":23},"end":{"line":129,"column":34}},{"start":{"line":129,"column":39},"end":{"line":129,"column":null}}]},"5":{"loc":{"start":{"line":130,"column":6},"end":{"line":183,"column":null}},"type":"if","locations":[{"start":{"line":130,"column":6},"end":{"line":183,"column":null}},{"start":{"line":130,"column":6},"end":{"line":183,"column":null}}]},"6":{"loc":{"start":{"line":131,"column":43},"end":{"line":131,"column":51}},"type":"cond-expr","locations":[{"start":{"line":131,"column":43},"end":{"line":131,"column":51}},{"start":{"line":131,"column":51},"end":{"line":131,"column":null}}]},"7":{"loc":{"start":{"line":147,"column":13},"end":{"line":183,"column":null}},"type":"if","locations":[{"start":{"line":147,"column":13},"end":{"line":183,"column":null}},{"start":{"line":147,"column":13},"end":{"line":183,"column":null}}]},"8":{"loc":{"start":{"line":148,"column":43},"end":{"line":148,"column":51}},"type":"cond-expr","locations":[{"start":{"line":148,"column":43},"end":{"line":148,"column":51}},{"start":{"line":148,"column":51},"end":{"line":148,"column":null}}]}},"s":{"0":2,"1":2,"2":2,"3":2,"4":2,"5":2,"6":2,"7":0,"8":0,"9":0,"10":0,"11":0,"12":0,"13":0,"14":0,"15":0,"16":0,"17":0,"18":0,"19":2,"20":0,"21":0,"22":0,"23":0,"24":0,"25":0,"26":0,"27":0,"28":0,"29":0,"30":0,"31":0,"32":0,"33":0,"34":0,"35":0,"36":0,"37":0,"38":0,"39":0,"40":0,"41":0,"42":0,"43":0,"44":0,"45":0,"46":0,"47":0,"48":0,"49":0,"50":0,"51":0,"52":0,"53":0,"54":0,"55":0,"56":0,"57":0,"58":0,"59":0,"60":0,"61":0,"62":0,"63":0,"64":0,"65":0,"66":0,"67":0,"68":0},"f":{"0":0,"1":0,"2":0,"3":0,"4":0,"5":0,"6":0,"7":0,"8":0,"9":0,"10":0,"11":0,"12":0,"13":0,"14":0,"15":0,"16":0,"17":0,"18":0,"19":0},"b":{"0":[0,0],"1":[0,0],"2":[0,0],"3":[0,0],"4":[0,0],"5":[0,0],"6":[0,0],"7":[0,0],"8":[0,0]}}
,"/Users/zhangzihao/zzh/workspace/myGit/vue3-json-schema-form/lib/fields/NumberField.vue": {"path":"/Users/zhangzihao/zzh/workspace/myGit/vue3-json-schema-form/lib/fields/NumberField.vue","statementMap":{"0":{"start":{"line":7,"column":0},"end":{"line":7,"column":null}},"1":{"start":{"line":11,"column":0},"end":{"line":11,"column":null}},"2":{"start":{"line":12,"column":21},"end":{"line":20,"column":null}},"3":{"start":{"line":13,"column":17},"end":{"line":13,"column":null}},"4":{"start":{"line":14,"column":14},"end":{"line":14,"column":21}},"5":{"start":{"line":15,"column":2},"end":{"line":18,"column":null}},"6":{"start":{"line":16,"column":4},"end":{"line":16,"column":9}},"7":{"start":{"line":17,"column":4},"end":{"line":17,"column":null}},"8":{"start":{"line":19,"column":2},"end":{"line":19,"column":7}}},"fnMap":{"0":{"name":"(anonymous_1)","decl":{"start":{"line":12,"column":21},"end":{"line":12,"column":22}},"loc":{"start":{"line":12,"column":35},"end":{"line":20,"column":null}}}},"branchMap":{"0":{"loc":{"start":{"line":15,"column":2},"end":{"line":18,"column":null}},"type":"if","locations":[{"start":{"line":15,"column":2},"end":{"line":18,"column":null}},{"start":{"line":15,"column":2},"end":{"line":18,"column":null}}]}},"s":{"0":2,"1":3,"2":3,"3":2,"4":2,"5":2,"6":1,"7":1,"8":1},"f":{"0":2},"b":{"0":[1,1]}}
,"/Users/zhangzihao/zzh/workspace/myGit/vue3-json-schema-form/lib/fields/ObjectField.tsx": {"path":"/Users/zhangzihao/zzh/workspace/myGit/vue3-json-schema-form/lib/fields/ObjectField.tsx","statementMap":{"0":{"start":{"line":1,"column":0},"end":{"line":1,"column":null}},"1":{"start":{"line":2,"column":0},"end":{"line":2,"column":null}},"2":{"start":{"line":3,"column":0},"end":{"line":3,"column":null}},"3":{"start":{"line":4,"column":0},"end":{"line":4,"column":null}},"4":{"start":{"line":6,"column":15},"end":{"line":6,"column":31}},"5":{"start":{"line":10,"column":20},"end":{"line":10,"column":null}},"6":{"start":{"line":11,"column":36},"end":{"line":19,"column":null}},"7":{"start":{"line":12,"column":25},"end":{"line":12,"column":null}},"8":{"start":{"line":13,"column":6},"end":{"line":17,"column":null}},"9":{"start":{"line":14,"column":8},"end":{"line":14,"column":15}},"10":{"start":{"line":16,"column":8},"end":{"line":16,"column":13}},"11":{"start":{"line":18,"column":6},"end":{"line":18,"column":11}},"12":{"start":{"line":20,"column":4},"end":{"line":20,"column":11}},"13":{"start":{"line":21,"column":25},"end":{"line":21,"column":null}},"14":{"start":{"line":22,"column":32},"end":{"line":22,"column":null}},"15":{"start":{"line":23,"column":29},"end":{"line":23,"column":null}},"16":{"start":{"line":25,"column":6},"end":{"line":25,"column":13}},"17":{"start":{"line":25,"column":41},"end":{"line":25,"column":42}},"18":{"start":{"line":29,"column":27},"end":{"line":29,"column":51}}},"fnMap":{"0":{"name":"(anonymous_0)","decl":{"start":{"line":9,"column":2},"end":{"line":9,"column":7}},"loc":{"start":{"line":9,"column":13},"end":{"line":35,"column":null}}},"1":{"name":"(anonymous_1)","decl":{"start":{"line":11,"column":36},"end":{"line":11,"column":37}},"loc":{"start":{"line":11,"column":60},"end":{"line":19,"column":null}}},"2":{"name":"(anonymous_2)","decl":{"start":{"line":20,"column":11},"end":{"line":20,"column":16}},"loc":{"start":{"line":20,"column":16},"end":{"line":34,"column":null}}},"3":{"name":"(anonymous_3)","decl":{"start":{"line":25,"column":41},"end":{"line":25,"column":42}},"loc":{"start":{"line":25,"column":41},"end":{"line":25,"column":42}}},"4":{"name":"(anonymous_4)","decl":{"start":{"line":29,"column":21},"end":{"line":29,"column":27}},"loc":{"start":{"line":29,"column":27},"end":{"line":29,"column":51}}}},"branchMap":{"0":{"loc":{"start":{"line":12,"column":49},"end":{"line":12,"column":63}},"type":"cond-expr","locations":[{"start":{"line":12,"column":49},"end":{"line":12,"column":63}},{"start":{"line":12,"column":63},"end":{"line":12,"column":null}}]},"1":{"loc":{"start":{"line":13,"column":6},"end":{"line":17,"column":null}},"type":"if","locations":[{"start":{"line":13,"column":6},"end":{"line":17,"column":null}},{"start":{"line":13,"column":6},"end":{"line":17,"column":null}}]},"2":{"loc":{"start":{"line":21,"column":25},"end":{"line":21,"column":52}},"type":"binary-expr","locations":[{"start":{"line":21,"column":25},"end":{"line":21,"column":52}},{"start":{"line":21,"column":52},"end":{"line":21,"column":null}}]},"3":{"loc":{"start":{"line":22,"column":56},"end":{"line":22,"column":70}},"type":"cond-expr","locations":[{"start":{"line":22,"column":56},"end":{"line":22,"column":70}},{"start":{"line":22,"column":70},"end":{"line":22,"column":null}}]}},"s":{"0":2,"1":2,"2":2,"3":2,"4":2,"5":2,"6":2,"7":3,"8":3,"9":1,"10":2,"11":3,"12":2,"13":5,"14":5,"15":5,"16":5,"17":10,"18":3},"f":{"0":2,"1":3,"2":5,"3":10,"4":3},"b":{"0":[3,0],"1":[1,2],"2":[5,0],"3":[5,0]}}
,"/Users/zhangzihao/zzh/workspace/myGit/vue3-json-schema-form/lib/fields/StringField.vue": {"path":"/Users/zhangzihao/zzh/workspace/myGit/vue3-json-schema-form/lib/fields/StringField.vue","statementMap":{"0":{"start":{"line":7,"column":0},"end":{"line":7,"column":null}},"1":{"start":{"line":14,"column":0},"end":{"line":14,"column":null}},"2":{"start":{"line":15,"column":21},"end":{"line":18,"column":null}},"3":{"start":{"line":16,"column":17},"end":{"line":16,"column":null}},"4":{"start":{"line":17,"column":2},"end":{"line":17,"column":7}}},"fnMap":{"0":{"name":"(anonymous_1)","decl":{"start":{"line":15,"column":21},"end":{"line":15,"column":22}},"loc":{"start":{"line":15,"column":35},"end":{"line":18,"column":null}}}},"branchMap":{},"s":{"0":2,"1":2,"2":2,"3":0,"4":0},"f":{"0":0},"b":{}}
,"/Users/zhangzihao/zzh/workspace/myGit/vue3-json-schema-form/lib/hooks/useSchemaFormContext.ts": {"path":"/Users/zhangzihao/zzh/workspace/myGit/vue3-json-schema-form/lib/hooks/useSchemaFormContext.ts","statementMap":{"0":{"start":{"line":2,"column":0},"end":{"line":2,"column":null}},"1":{"start":{"line":3,"column":0},"end":{"line":3,"column":null}},"2":{"start":{"line":5,"column":15},"end":{"line":13,"column":null}},"3":{"start":{"line":6,"column":63},"end":{"line":6,"column":null}},"4":{"start":{"line":9,"column":2},"end":{"line":11,"column":null}},"5":{"start":{"line":10,"column":4},"end":{"line":10,"column":10}},"6":{"start":{"line":12,"column":2},"end":{"line":12,"column":9}}},"fnMap":{"0":{"name":"(anonymous_0)","decl":{"start":{"line":5,"column":15},"end":{"line":5,"column":20}},"loc":{"start":{"line":5,"column":20},"end":{"line":13,"column":null}}}},"branchMap":{"0":{"loc":{"start":{"line":9,"column":2},"end":{"line":11,"column":null}},"type":"if","locations":[{"start":{"line":9,"column":2},"end":{"line":11,"column":null}},{"start":{"line":9,"column":2},"end":{"line":11,"column":null}}]}},"s":{"0":2,"1":2,"2":2,"3":2,"4":2,"5":0,"6":2},"f":{"0":2},"b":{"0":[0,2]}}
,"/Users/zhangzihao/zzh/workspace/myGit/vue3-json-schema-form/lib/widgets/Selection.tsx": {"path":"/Users/zhangzihao/zzh/workspace/myGit/vue3-json-schema-form/lib/widgets/Selection.tsx","statementMap":{"0":{"start":{"line":1,"column":0},"end":{"line":1,"column":null}},"1":{"start":{"line":3,"column":15},"end":{"line":3,"column":31}},"2":{"start":{"line":17,"column":28},"end":{"line":17,"column":32}},"3":{"start":{"line":18,"column":4},"end":{"line":18,"column":10}},"4":{"start":{"line":19,"column":6},"end":{"line":21,"column":null}},"5":{"start":{"line":20,"column":8},"end":{"line":20,"column":13}},"6":{"start":{"line":23,"column":4},"end":{"line":23,"column":null}},"7":{"start":{"line":24,"column":12},"end":{"line":24,"column":null}},"8":{"start":{"line":26,"column":8},"end":{"line":28,"column":null}},"9":{"start":{"line":27,"column":10},"end":{"line":27,"column":25}},"10":{"start":{"line":31,"column":4},"end":{"line":31,"column":11}},"11":{"start":{"line":32,"column":26},"end":{"line":32,"column":null}},"12":{"start":{"line":33,"column":6},"end":{"line":33,"column":null}},"13":{"start":{"line":34,"column":34},"end":{"line":33,"column":null}},"14":{"start":{"line":35,"column":23},"end":{"line":35,"column":24}}},"fnMap":{"0":{"name":"(anonymous_0)","decl":{"start":{"line":16,"column":2},"end":{"line":16,"column":7}},"loc":{"start":{"line":16,"column":13},"end":{"line":41,"column":null}}},"1":{"name":"(anonymous_1)","decl":{"start":{"line":18,"column":27},"end":{"line":18,"column":28}},"loc":{"start":{"line":18,"column":50},"end":{"line":22,"column":null}}},"2":{"name":"(anonymous_2)","decl":{"start":{"line":24,"column":6},"end":{"line":24,"column":12}},"loc":{"start":{"line":24,"column":12},"end":{"line":24,"column":null}}},"3":{"name":"(anonymous_3)","decl":{"start":{"line":25,"column":7},"end":{"line":25,"column":16}},"loc":{"start":{"line":25,"column":16},"end":{"line":29,"column":null}}},"4":{"name":"(anonymous_4)","decl":{"start":{"line":31,"column":11},"end":{"line":31,"column":16}},"loc":{"start":{"line":31,"column":16},"end":{"line":40,"column":null}}},"5":{"name":"(anonymous_5)","decl":{"start":{"line":33,"column":6},"end":{"line":33,"column":null}},"loc":{"start":{"line":34,"column":34},"end":{"line":33,"column":null}}},"6":{"name":"(anonymous_6)","decl":{"start":{"line":35,"column":24},"end":{"line":35,"column":null}},"loc":{"start":{"line":35,"column":23},"end":{"line":35,"column":24}}}},"branchMap":{"0":{"loc":{"start":{"line":19,"column":6},"end":{"line":21,"column":null}},"type":"if","locations":[{"start":{"line":19,"column":6},"end":{"line":21,"column":null}},{"start":{"line":19,"column":6},"end":{"line":21,"column":null}}]},"1":{"loc":{"start":{"line":26,"column":8},"end":{"line":28,"column":null}},"type":"if","locations":[{"start":{"line":26,"column":8},"end":{"line":28,"column":null}},{"start":{"line":26,"column":8},"end":{"line":28,"column":null}}]}},"s":{"0":2,"1":2,"2":0,"3":0,"4":0,"5":0,"6":0,"7":0,"8":0,"9":0,"10":0,"11":0,"12":0,"13":0,"14":0},"f":{"0":0,"1":0,"2":0,"3":0,"4":0,"5":0,"6":0},"b":{"0":[0,0],"1":[0,0]}}
}
