TN:
SF:/Users/zhangzihao/zzh/workspace/myGit/vue3-json-schema-form/lib/SchemaForm.tsx
FN:21,(anonymous_0)
FN:22,(anonymous_1)
FN:30,(anonymous_2)
FNF:3
FNH:3
FNDA:3,(anonymous_0)
FNDA:5,(anonymous_1)
FNDA:3,(anonymous_2)
DA:1,2
DA:3,2
DA:4,2
DA:6,2
DA:22,3
DA:23,5
DA:25,3
DA:28,3
DA:30,3
DA:31,3
LF:10
LH:10
BRF:0
BRH:0
end_of_record
TN:
SF:/Users/zhangzihao/zzh/workspace/myGit/vue3-json-schema-form/lib/SchemaItem.tsx
FN:13,(anonymous_0)
FN:14,(anonymous_1)
FN:17,(anonymous_2)
FNF:3
FNH:3
FNDA:7,(anonymous_0)
FNDA:10,(anonymous_1)
FNDA:13,(anonymous_2)
DA:1,2
DA:2,2
DA:3,2
DA:4,2
DA:6,2
DA:7,2
DA:8,2
DA:10,2
DA:14,7
DA:15,10
DA:17,7
DA:20,13
DA:22,13
DA:24,5
DA:25,5
DA:27,6
DA:28,6
DA:30,2
DA:31,2
DA:33,0
DA:34,0
DA:36,0
DA:37,0
DA:39,13
LF:24
LH:20
BRDA:23,0,0,5
BRDA:23,0,1,6
BRDA:23,0,2,2
BRDA:23,0,3,0
BRDA:23,0,4,0
BRF:5
BRH:3
end_of_record
TN:
SF:/Users/zhangzihao/zzh/workspace/myGit/vue3-json-schema-form/lib/context.ts
FNF:0
FNH:0
DA:1,2
LF:1
LH:1
BRF:0
BRH:0
end_of_record
TN:
SF:/Users/zhangzihao/zzh/workspace/myGit/vue3-json-schema-form/lib/index.tsx
FNF:0
FNH:0
DA:1,2
DA:3,2
DA:4,2
DA:6,2
LF:4
LH:4
BRF:0
BRH:0
end_of_record
TN:
SF:/Users/zhangzihao/zzh/workspace/myGit/vue3-json-schema-form/lib/types.ts
FN:3,(anonymous_0)
FNF:1
FNH:1
FNDA:2,(anonymous_0)
DA:3,2
DA:4,2
DA:5,2
DA:6,2
DA:7,2
DA:8,2
DA:9,2
DA:51,2
LF:8
LH:8
BRDA:3,0,0,2
BRDA:3,0,1,2
BRF:2
BRH:2
end_of_record
TN:
SF:/Users/zhangzihao/zzh/workspace/myGit/vue3-json-schema-form/lib/utils.ts
FN:11,isObject
FN:15,isEmptyObject
FN:19,hasOwnProperty
FN:32,validateData
FN:41,resolveSchema
FN:50,(anonymous_5)
FN:60,retrieveSchema
FN:100,stubExistingAdditionalProperties
FN:111,(anonymous_8)
FN:152,resolveReference
FN:165,findSchemaDefinition
FN:184,resolveDependencies
FN:209,processDependencies
FN:253,withDependentProperties
FN:263,withDependentSchema
FN:284,(anonymous_15)
FN:298,withExactlyOneSubschema
FN:305,(anonymous_17)
FN:347,mergeSchemas
FN:349,(anonymous_19)
FN:381,getSchemaType
FN:398,(anonymous_21)
FN:430,guessType
FN:448,isConstant
FN:455,isSelect
FN:461,(anonymous_25)
FN:466,isMultiSelect
FN:474,getMatchingOption
FN:493,(anonymous_28)
FN:533,mergeDefaultsWithFormData
FN:538,(anonymous_30)
FN:546,(anonymous_31)
FN:558,getDefaultFormState
FNF:33
FNH:4
FNDA:18,isObject
FNDA:0,isEmptyObject
FNDA:30,hasOwnProperty
FNDA:0,validateData
FNDA:10,resolveSchema
FNDA:0,(anonymous_5)
FNDA:10,retrieveSchema
FNDA:0,stubExistingAdditionalProperties
FNDA:0,(anonymous_8)
FNDA:0,resolveReference
FNDA:0,findSchemaDefinition
FNDA:0,resolveDependencies
FNDA:0,processDependencies
FNDA:0,withDependentProperties
FNDA:0,withDependentSchema
FNDA:0,(anonymous_15)
FNDA:0,withExactlyOneSubschema
FNDA:0,(anonymous_17)
FNDA:0,mergeSchemas
FNDA:0,(anonymous_19)
FNDA:0,getSchemaType
FNDA:0,(anonymous_21)
FNDA:0,guessType
FNDA:0,isConstant
FNDA:0,isSelect
FNDA:0,(anonymous_25)
FNDA:0,isMultiSelect
FNDA:0,getMatchingOption
FNDA:0,(anonymous_28)
FNDA:0,mergeDefaultsWithFormData
FNDA:0,(anonymous_30)
FNDA:0,(anonymous_31)
FNDA:0,getDefaultFormState
DA:5,2
DA:7,2
DA:8,2
DA:9,2
DA:12,18
DA:16,0
DA:24,30
DA:31,2
DA:33,0
DA:34,0
DA:42,10
DA:43,0
DA:44,10
DA:45,0
DA:46,0
DA:47,10
DA:48,0
DA:51,0
DA:56,10
DA:65,10
DA:66,0
DA:68,10
DA:71,10
DA:72,0
DA:73,0
DA:79,0
DA:80,0
DA:81,0
DA:85,10
DA:87,10
DA:89,0
DA:95,10
DA:98,2
DA:106,0
DA:111,0
DA:112,0
DA:114,0
DA:118,0
DA:119,0
DA:124,0
DA:125,0
DA:127,0
DA:131,0
DA:133,0
DA:136,0
DA:154,0
DA:156,0
DA:158,0
DA:166,0
DA:167,0
DA:169,0
DA:171,0
DA:173,0
DA:174,0
DA:175,0
DA:177,0
DA:179,0
DA:181,0
DA:190,0
DA:191,0
DA:192,0
DA:196,0
DA:197,0
DA:202,0
DA:216,0
DA:218,0
DA:219,0
DA:222,0
DA:226,0
DA:231,0
DA:232,0
DA:233,0
DA:234,0
DA:235,0
DA:243,0
DA:250,0
DA:254,0
DA:255,0
DA:257,0
DA:260,0
DA:271,0
DA:276,0
DA:278,0
DA:279,0
DA:280,0
DA:281,0
DA:284,0
DA:285,0
DA:289,0
DA:305,0
DA:306,0
DA:307,0
DA:309,0
DA:310,0
DA:311,0
DA:318,0
DA:319,0
DA:322,0
DA:323,0
DA:326,0
DA:329,0
DA:333,0
DA:334,0
DA:335,0
DA:348,0
DA:349,0
DA:350,0
DA:351,0
DA:352,0
DA:353,0
DA:354,0
DA:364,0
DA:366,0
DA:368,0
DA:382,0
DA:384,0
DA:385,0
DA:388,0
DA:389,0
DA:392,0
DA:393,0
DA:396,0
DA:397,0
DA:398,0
DA:401,0
DA:430,2
DA:431,0
DA:432,0
DA:433,0
DA:434,0
DA:435,0
DA:436,0
DA:437,0
DA:438,0
DA:439,0
DA:440,0
DA:441,0
DA:442,0
DA:445,0
DA:449,0
DA:456,0
DA:457,0
DA:458,0
DA:459,0
DA:460,0
DA:461,0
DA:463,0
DA:467,0
DA:468,0
DA:470,0
DA:479,0
DA:480,0
DA:489,0
DA:492,0
DA:493,0
DA:501,0
DA:503,0
DA:505,0
DA:506,0
DA:509,0
DA:512,0
DA:514,0
DA:516,0
DA:521,0
DA:523,0
DA:524,0
DA:526,0
DA:527,0
DA:530,0
DA:534,0
DA:535,0
DA:536,0
DA:538,0
DA:539,0
DA:540,0
DA:542,0
DA:544,0
DA:545,0
DA:546,0
DA:547,0
DA:551,0
DA:554,0
DA:564,0
DA:565,0
DA:568,0
DA:577,0
DA:579,0
DA:581,0
DA:582,0
DA:584,0
DA:585,0
DA:587,0
LF:192
LH:19
BRDA:12,0,0,18
BRDA:12,0,1,18
BRDA:12,0,2,18
BRDA:16,1,0,0
BRDA:16,1,1,0
BRDA:41,2,0,0
BRDA:41,3,0,0
BRDA:42,4,0,0
BRDA:42,4,1,10
BRDA:44,5,0,0
BRDA:44,5,1,10
BRDA:47,6,0,0
BRDA:47,6,1,10
BRDA:47,7,0,10
BRDA:47,7,1,0
BRDA:62,8,0,0
BRDA:63,9,0,5
BRDA:65,10,0,0
BRDA:65,10,1,10
BRDA:71,11,0,0
BRDA:71,11,1,10
BRDA:85,12,0,10
BRDA:85,12,1,0
BRDA:87,13,0,0
BRDA:87,13,1,10
BRDA:102,14,0,0
BRDA:103,15,0,0
BRDA:112,16,0,0
BRDA:112,16,1,0
BRDA:118,17,0,0
BRDA:118,17,1,0
BRDA:124,18,0,0
BRDA:124,18,1,0
BRDA:165,19,0,0
BRDA:167,20,0,0
BRDA:167,20,1,0
BRDA:174,21,0,0
BRDA:174,21,1,0
BRDA:177,22,0,0
BRDA:177,22,1,0
BRDA:190,23,0,0
BRDA:191,24,0,0
BRDA:191,24,1,0
BRDA:196,25,0,0
BRDA:196,25,1,0
BRDA:218,26,0,0
BRDA:218,26,1,0
BRDA:222,27,0,0
BRDA:222,27,1,0
BRDA:223,28,0,0
BRDA:223,28,1,0
BRDA:232,29,0,0
BRDA:232,29,1,0
BRDA:234,30,0,0
BRDA:234,30,1,0
BRDA:254,31,0,0
BRDA:254,31,1,0
BRDA:258,32,0,0
BRDA:258,32,1,0
BRDA:278,33,0,0
BRDA:278,33,1,0
BRDA:280,34,0,0
BRDA:280,34,1,0
BRDA:286,35,0,0
BRDA:286,35,1,0
BRDA:306,36,0,0
BRDA:306,36,1,0
BRDA:310,37,0,0
BRDA:310,37,1,0
BRDA:319,38,0,0
BRDA:319,38,1,0
BRDA:322,39,0,0
BRDA:322,39,1,0
BRDA:350,40,0,0
BRDA:350,40,1,0
BRDA:352,41,0,0
BRDA:352,41,1,0
BRDA:352,42,0,0
BRDA:352,42,1,0
BRDA:352,42,2,0
BRDA:354,43,0,0
BRDA:354,43,1,0
BRDA:355,44,0,0
BRDA:355,44,1,0
BRDA:355,44,2,0
BRDA:355,44,3,0
BRDA:355,44,4,0
BRDA:355,44,5,0
BRDA:355,44,6,0
BRDA:384,45,0,0
BRDA:384,45,1,0
BRDA:384,46,0,0
BRDA:384,46,1,0
BRDA:388,47,0,0
BRDA:388,47,1,0
BRDA:388,48,0,0
BRDA:388,48,1,0
BRDA:392,49,0,0
BRDA:392,49,1,0
BRDA:392,50,0,0
BRDA:392,50,1,0
BRDA:392,50,2,0
BRDA:397,51,0,0
BRDA:397,51,1,0
BRDA:397,52,0,0
BRDA:397,52,1,0
BRDA:397,52,2,0
BRDA:431,53,0,0
BRDA:431,53,1,0
BRDA:433,54,0,0
BRDA:433,54,1,0
BRDA:435,55,0,0
BRDA:435,55,1,0
BRDA:437,56,0,0
BRDA:437,56,1,0
BRDA:439,57,0,0
BRDA:439,57,1,0
BRDA:441,58,0,0
BRDA:441,58,1,0
BRDA:450,59,0,0
BRDA:450,59,1,0
BRDA:450,59,2,0
BRDA:455,60,0,0
BRDA:457,61,0,0
BRDA:457,61,1,0
BRDA:458,62,0,0
BRDA:458,62,1,0
BRDA:460,63,0,0
BRDA:460,63,1,0
BRDA:466,64,0,0
BRDA:467,65,0,0
BRDA:467,65,1,0
BRDA:467,66,0,0
BRDA:467,66,1,0
BRDA:489,67,0,0
BRDA:489,67,1,0
BRDA:501,68,0,0
BRDA:501,68,1,0
BRDA:505,69,0,0
BRDA:505,69,1,0
BRDA:523,70,0,0
BRDA:523,70,1,0
BRDA:526,71,0,0
BRDA:526,71,1,0
BRDA:534,72,0,0
BRDA:534,72,1,0
BRDA:535,73,0,0
BRDA:535,73,1,0
BRDA:539,74,0,0
BRDA:539,74,1,0
BRDA:544,75,0,0
BRDA:544,75,1,0
BRDA:548,76,0,0
BRDA:548,76,1,0
BRDA:564,77,0,0
BRDA:564,77,1,0
BRDA:577,78,0,0
BRDA:577,78,1,0
BRDA:581,79,0,0
BRDA:581,79,1,0
BRDA:581,80,0,0
BRDA:581,80,1,0
BRDA:584,81,0,0
BRDA:584,81,1,0
BRDA:584,82,0,0
BRDA:584,82,1,0
BRDA:584,82,2,0
BRDA:587,83,0,0
BRDA:587,83,1,0
BRF:169
BRH:12
end_of_record
TN:
SF:/Users/zhangzihao/zzh/workspace/myGit/vue3-json-schema-form/lib/fields/ArrayField.tsx
FN:51,(anonymous_0)
FN:53,(anonymous_1)
FN:54,(anonymous_2)
FN:55,(anonymous_3)
FN:56,(anonymous_4)
FN:57,(anonymous_5)
FN:85,(anonymous_6)
FN:88,(anonymous_7)
FN:92,(anonymous_8)
FN:97,(anonymous_9)
FN:102,(anonymous_10)
FN:107,(anonymous_11)
FN:116,(anonymous_12)
FN:125,(anonymous_13)
FN:134,(anonymous_14)
FN:141,(anonymous_15)
FN:151,(anonymous_16)
FN:152,(anonymous_17)
FN:164,(anonymous_18)
FN:172,(anonymous_19)
FNF:20
FNH:0
FNDA:0,(anonymous_0)
FNDA:0,(anonymous_1)
FNDA:0,(anonymous_2)
FNDA:0,(anonymous_3)
FNDA:0,(anonymous_4)
FNDA:0,(anonymous_5)
FNDA:0,(anonymous_6)
FNDA:0,(anonymous_7)
FNDA:0,(anonymous_8)
FNDA:0,(anonymous_9)
FNDA:0,(anonymous_10)
FNDA:0,(anonymous_11)
FNDA:0,(anonymous_12)
FNDA:0,(anonymous_13)
FNDA:0,(anonymous_14)
FNDA:0,(anonymous_15)
FNDA:0,(anonymous_16)
FNDA:0,(anonymous_17)
FNDA:0,(anonymous_18)
FNDA:0,(anonymous_19)
DA:1,2
DA:2,2
DA:3,2
DA:4,2
DA:6,2
DA:8,2
DA:27,2
DA:52,0
DA:53,0
DA:54,0
DA:55,0
DA:56,0
DA:57,0
DA:58,0
DA:59,0
DA:82,2
DA:86,0
DA:87,0
DA:88,0
DA:89,0
DA:90,0
DA:92,0
DA:93,0
DA:94,0
DA:95,0
DA:97,0
DA:98,0
DA:99,0
DA:100,0
DA:102,0
DA:103,0
DA:104,0
DA:105,0
DA:107,0
DA:108,0
DA:109,0
DA:111,0
DA:112,0
DA:113,0
DA:114,0
DA:116,0
DA:117,0
DA:118,0
DA:119,0
DA:121,0
DA:122,0
DA:123,0
DA:125,0
DA:126,0
DA:127,0
DA:128,0
DA:129,0
DA:130,0
DA:131,0
DA:132,0
DA:135,0
DA:141,0
DA:147,0
DA:148,0
DA:149,0
DA:152,0
DA:164,0
DA:172,0
DA:176,0
LF:64
LH:8
BRDA:75,0,0,0
BRDA:75,0,1,0
BRDA:90,1,0,0
BRDA:90,1,1,0
BRDA:108,2,0,0
BRDA:108,2,1,0
BRDA:118,3,0,0
BRDA:118,3,1,0
BRDA:129,4,0,0
BRDA:129,4,1,0
BRDA:130,5,0,0
BRDA:130,5,1,0
BRDA:131,6,0,0
BRDA:131,6,1,0
BRDA:147,7,0,0
BRDA:147,7,1,0
BRDA:148,8,0,0
BRDA:148,8,1,0
BRF:18
BRH:0
end_of_record
TN:
SF:/Users/zhangzihao/zzh/workspace/myGit/vue3-json-schema-form/lib/fields/NumberField.vue
FN:12,(anonymous_1)
FNF:1
FNH:1
FNDA:2,(anonymous_1)
DA:7,2
DA:11,3
DA:12,3
DA:13,2
DA:14,2
DA:15,2
DA:16,1
DA:17,1
DA:19,1
LF:9
LH:9
BRDA:15,0,0,1
BRDA:15,0,1,1
BRF:2
BRH:2
end_of_record
TN:
SF:/Users/zhangzihao/zzh/workspace/myGit/vue3-json-schema-form/lib/fields/ObjectField.tsx
FN:9,(anonymous_0)
FN:11,(anonymous_1)
FN:20,(anonymous_2)
FN:25,(anonymous_3)
FN:29,(anonymous_4)
FNF:5
FNH:5
FNDA:2,(anonymous_0)
FNDA:3,(anonymous_1)
FNDA:5,(anonymous_2)
FNDA:10,(anonymous_3)
FNDA:3,(anonymous_4)
DA:1,2
DA:2,2
DA:3,2
DA:4,2
DA:6,2
DA:10,2
DA:11,2
DA:12,3
DA:13,3
DA:14,1
DA:16,2
DA:18,3
DA:20,2
DA:21,5
DA:22,5
DA:23,5
DA:25,10
DA:29,3
LF:18
LH:18
BRDA:12,0,0,3
BRDA:12,0,1,0
BRDA:13,1,0,1
BRDA:13,1,1,2
BRDA:21,2,0,5
BRDA:21,2,1,0
BRDA:22,3,0,5
BRDA:22,3,1,0
BRF:8
BRH:5
end_of_record
TN:
SF:/Users/zhangzihao/zzh/workspace/myGit/vue3-json-schema-form/lib/fields/StringField.vue
FN:15,(anonymous_1)
FNF:1
FNH:0
FNDA:0,(anonymous_1)
DA:7,2
DA:14,2
DA:15,2
DA:16,0
DA:17,0
LF:5
LH:3
BRF:0
BRH:0
end_of_record
TN:
SF:/Users/zhangzihao/zzh/workspace/myGit/vue3-json-schema-form/lib/hooks/useSchemaFormContext.ts
FN:5,(anonymous_0)
FNF:1
FNH:1
FNDA:2,(anonymous_0)
DA:2,2
DA:3,2
DA:5,2
DA:6,2
DA:9,2
DA:10,0
DA:12,2
LF:7
LH:6
BRDA:9,0,0,0
BRDA:9,0,1,2
BRF:2
BRH:1
end_of_record
TN:
SF:/Users/zhangzihao/zzh/workspace/myGit/vue3-json-schema-form/lib/widgets/Selection.tsx
FN:16,(anonymous_0)
FN:18,(anonymous_1)
FN:24,(anonymous_2)
FN:25,(anonymous_3)
FN:31,(anonymous_4)
FN:33,(anonymous_5)
FN:35,(anonymous_6)
FNF:7
FNH:0
FNDA:0,(anonymous_0)
FNDA:0,(anonymous_1)
FNDA:0,(anonymous_2)
FNDA:0,(anonymous_3)
FNDA:0,(anonymous_4)
FNDA:0,(anonymous_5)
FNDA:0,(anonymous_6)
DA:1,2
DA:3,2
DA:17,0
DA:18,0
DA:19,0
DA:20,0
DA:23,0
DA:24,0
DA:26,0
DA:27,0
DA:31,0
DA:32,0
DA:33,0
DA:34,0
DA:35,0
LF:15
LH:2
BRDA:19,0,0,0
BRDA:19,0,1,0
BRDA:26,1,0,0
BRDA:26,1,1,0
BRF:4
BRH:0
end_of_record
